2025-09-22 14:09:35 | INFO | {'message': 'I just saw JavaScript! It was weird.', 'author': 'Eve', 'timestamp': '2025-09-22 14:09:35', 'category': 'tech', 'sentiment': 0.72, 'keyword_mentioned': 'JavaScript', 'message_length': 36}
2025-09-22 14:09:40 | INFO | {'message': 'I just loved a trick! It was funny.', 'author': 'Bob', 'timestamp': '2025-09-22 14:09:40', 'category': 'other', 'sentiment': 0.71, 'keyword_mentioned': 'other', 'message_length': 35}
2025-09-22 14:09:45 | INFO | {'message': 'I just loved recipe! It was boring.', 'author': 'Alice', 'timestamp': '2025-09-22 14:09:45', 'category': 'food', 'sentiment': 0.16, 'keyword_mentioned': 'recipe', 'message_length': 35}
2025-09-22 14:09:50 | INFO | {'message': 'I just tried a movie! It was funny.', 'author': 'Alice', 'timestamp': '2025-09-22 14:09:50', 'category': 'entertainment', 'sentiment': 0.44, 'keyword_mentioned': 'movie', 'message_length': 35}
2025-09-22 14:09:55 | INFO | {'message': 'I just found a story! It was funny.', 'author': 'Alice', 'timestamp': '2025-09-22 14:09:55', 'category': 'other', 'sentiment': 0.94, 'keyword_mentioned': 'other', 'message_length': 35}
2025-09-22 14:10:00 | INFO | {'message': 'I just tried a story! It was amazing.', 'author': 'Alice', 'timestamp': '2025-09-22 14:10:00', 'category': 'other', 'sentiment': 0.13, 'keyword_mentioned': 'other', 'message_length': 37}
2025-09-22 14:10:05 | INFO | {'message': 'I just shared a movie! It was amazing.', 'author': 'Alice', 'timestamp': '2025-09-22 14:10:05', 'category': 'entertainment', 'sentiment': 0.72, 'keyword_mentioned': 'movie', 'message_length': 38}
2025-09-22 14:10:10 | INFO | {'message': 'I just loved a trick! It was funny.', 'author': 'Bob', 'timestamp': '2025-09-22 14:10:10', 'category': 'other', 'sentiment': 0.16, 'keyword_mentioned': 'other', 'message_length': 35}
2025-09-22 14:10:15 | INFO | {'message': 'I just found a meme! It was weird.', 'author': 'Bob', 'timestamp': '2025-09-22 14:10:15', 'category': 'humor', 'sentiment': 0.66, 'keyword_mentioned': 'meme', 'message_length': 34}
2025-09-22 14:10:20 | INFO | {'message': 'I just loved a trick! It was boring.', 'author': 'Alice', 'timestamp': '2025-09-22 14:10:20', 'category': 'other', 'sentiment': 0.31, 'keyword_mentioned': 'other', 'message_length': 36}
2025-09-22 14:10:25 | INFO | {'message': 'I just tried travel! It was weird.', 'author': 'Eve', 'timestamp': '2025-09-22 14:10:25', 'category': 'travel', 'sentiment': 0.22, 'keyword_mentioned': 'travel', 'message_length': 34}
2025-09-22 14:10:30 | INFO | {'message': 'I just loved travel! It was exciting.', 'author': 'Bob', 'timestamp': '2025-09-22 14:10:30', 'category': 'travel', 'sentiment': 0.33, 'keyword_mentioned': 'travel', 'message_length': 37}
2025-09-22 14:10:35 | INFO | {'message': 'I just loved a movie! It was amazing.', 'author': 'Alice', 'timestamp': '2025-09-22 14:10:35', 'category': 'entertainment', 'sentiment': 0.72, 'keyword_mentioned': 'movie', 'message_length': 37}
2025-09-22 14:10:40 | INFO | {'message': 'I just shared a story! It was weird.', 'author': 'Charlie', 'timestamp': '2025-09-22 14:10:40', 'category': 'other', 'sentiment': 0.67, 'keyword_mentioned': 'other', 'message_length': 36}
2025-09-22 14:10:45 | INFO | {'message': 'I just shared Python! It was weird.', 'author': 'Bob', 'timestamp': '2025-09-22 14:10:45', 'category': 'tech', 'sentiment': 0.66, 'keyword_mentioned': 'Python', 'message_length': 35}
2025-09-22 14:10:50 | INFO | {'message': 'I just shared an app! It was funny.', 'author': 'Eve', 'timestamp': '2025-09-22 14:10:50', 'category': 'other', 'sentiment': 0.9, 'keyword_mentioned': 'other', 'message_length': 35}
2025-09-22 14:10:55 | INFO | {'message': 'I just shared a movie! It was funny.', 'author': 'Eve', 'timestamp': '2025-09-22 14:10:55', 'category': 'entertainment', 'sentiment': 0.78, 'keyword_mentioned': 'movie', 'message_length': 36}
2025-09-22 14:11:00 | INFO | {'message': 'I just tried JavaScript! It was exciting.', 'author': 'Alice', 'timestamp': '2025-09-22 14:11:00', 'category': 'tech', 'sentiment': 0.43, 'keyword_mentioned': 'JavaScript', 'message_length': 41}
2025-09-22 14:11:05 | INFO | {'message': 'I just saw game! It was boring.', 'author': 'Bob', 'timestamp': '2025-09-22 14:11:05', 'category': 'gaming', 'sentiment': 0.77, 'keyword_mentioned': 'game', 'message_length': 31}
2025-09-22 14:11:10 | INFO | {'message': 'I just saw Python! It was weird.', 'author': 'Charlie', 'timestamp': '2025-09-22 14:11:10', 'category': 'tech', 'sentiment': 0.67, 'keyword_mentioned': 'Python', 'message_length': 32}
2025-09-22 14:11:15 | INFO | {'message': 'I just tried Python! It was weird.', 'author': 'Bob', 'timestamp': '2025-09-22 14:11:15', 'category': 'tech', 'sentiment': 0.28, 'keyword_mentioned': 'Python', 'message_length': 34}
2025-09-22 14:11:20 | INFO | {'message': 'I just saw a trick! It was funny.', 'author': 'Eve', 'timestamp': '2025-09-22 14:11:20', 'category': 'other', 'sentiment': 0.24, 'keyword_mentioned': 'other', 'message_length': 33}
2025-09-22 14:11:25 | INFO | {'message': 'I just found JavaScript! It was weird.', 'author': 'Bob', 'timestamp': '2025-09-22 14:11:25', 'category': 'tech', 'sentiment': 0.96, 'keyword_mentioned': 'JavaScript', 'message_length': 38}
2025-09-22 14:11:30 | INFO | {'message': 'I just shared a story! It was exciting.', 'author': 'Alice', 'timestamp': '2025-09-22 14:11:30', 'category': 'other', 'sentiment': 0.83, 'keyword_mentioned': 'other', 'message_length': 39}
2025-09-22 14:11:35 | INFO | {'message': 'I just saw game! It was amazing.', 'author': 'Bob', 'timestamp': '2025-09-22 14:11:35', 'category': 'gaming', 'sentiment': 0.32, 'keyword_mentioned': 'game', 'message_length': 32}
2025-09-22 14:11:40 | INFO | {'message': 'I just found an app! It was funny.', 'author': 'Bob', 'timestamp': '2025-09-22 14:11:40', 'category': 'other', 'sentiment': 0.6, 'keyword_mentioned': 'other', 'message_length': 34}
2025-09-22 14:11:45 | INFO | {'message': 'I just loved travel! It was boring.', 'author': 'Charlie', 'timestamp': '2025-09-22 14:11:45', 'category': 'travel', 'sentiment': 0.69, 'keyword_mentioned': 'travel', 'message_length': 35}
2025-09-22 14:11:50 | INFO | {'message': 'I just found JavaScript! It was amazing.', 'author': 'Alice', 'timestamp': '2025-09-22 14:11:50', 'category': 'tech', 'sentiment': 0.93, 'keyword_mentioned': 'JavaScript', 'message_length': 40}
2025-09-22 14:11:55 | INFO | {'message': 'I just loved Python! It was exciting.', 'author': 'Bob', 'timestamp': '2025-09-22 14:11:55', 'category': 'tech', 'sentiment': 0.68, 'keyword_mentioned': 'Python', 'message_length': 37}
2025-09-22 14:12:00 | INFO | {'message': 'I just loved recipe! It was weird.', 'author': 'Charlie', 'timestamp': '2025-09-22 14:12:00', 'category': 'food', 'sentiment': 0.86, 'keyword_mentioned': 'recipe', 'message_length': 34}
2025-09-22 14:12:05 | INFO | {'message': 'I just loved travel! It was boring.', 'author': 'Eve', 'timestamp': '2025-09-22 14:12:05', 'category': 'travel', 'sentiment': 0.19, 'keyword_mentioned': 'travel', 'message_length': 35}
2025-09-22 14:12:10 | INFO | {'message': 'I just loved an app! It was exciting.', 'author': 'Bob', 'timestamp': '2025-09-22 14:12:10', 'category': 'other', 'sentiment': 0.43, 'keyword_mentioned': 'other', 'message_length': 37}
2025-09-22 14:12:15 | INFO | {'message': 'I just saw a movie! It was exciting.', 'author': 'Charlie', 'timestamp': '2025-09-22 14:12:15', 'category': 'entertainment', 'sentiment': 0.12, 'keyword_mentioned': 'movie', 'message_length': 36}
2025-09-22 14:12:20 | INFO | {'message': 'I just found recipe! It was exciting.', 'author': 'Bob', 'timestamp': '2025-09-22 14:12:20', 'category': 'food', 'sentiment': 0.01, 'keyword_mentioned': 'recipe', 'message_length': 37}
2025-09-22 14:12:25 | INFO | {'message': 'I just loved game! It was weird.', 'author': 'Eve', 'timestamp': '2025-09-22 14:12:25', 'category': 'gaming', 'sentiment': 0.76, 'keyword_mentioned': 'game', 'message_length': 32}
2025-09-22 14:12:30 | INFO | {'message': 'I just loved a story! It was exciting.', 'author': 'Charlie', 'timestamp': '2025-09-22 14:12:30', 'category': 'other', 'sentiment': 0.64, 'keyword_mentioned': 'other', 'message_length': 38}
2025-09-22 14:12:35 | INFO | {'message': 'I just loved Python! It was exciting.', 'author': 'Charlie', 'timestamp': '2025-09-22 14:12:35', 'category': 'tech', 'sentiment': 0.62, 'keyword_mentioned': 'Python', 'message_length': 37}
2025-09-22 14:12:40 | INFO | {'message': 'I just loved a meme! It was funny.', 'author': 'Bob', 'timestamp': '2025-09-22 14:12:40', 'category': 'humor', 'sentiment': 0.52, 'keyword_mentioned': 'meme', 'message_length': 34}
2025-09-22 14:12:45 | INFO | {'message': 'I just shared a movie! It was boring.', 'author': 'Charlie', 'timestamp': '2025-09-22 14:12:45', 'category': 'entertainment', 'sentiment': 0.47, 'keyword_mentioned': 'movie', 'message_length': 37}
2025-09-22 14:12:50 | INFO | {'message': 'I just found Python! It was exciting.', 'author': 'Alice', 'timestamp': '2025-09-22 14:12:50', 'category': 'tech', 'sentiment': 0.12, 'keyword_mentioned': 'Python', 'message_length': 37}
2025-09-22 14:12:55 | INFO | {'message': 'I just shared game! It was amazing.', 'author': 'Bob', 'timestamp': '2025-09-22 14:12:55', 'category': 'gaming', 'sentiment': 0.13, 'keyword_mentioned': 'game', 'message_length': 35}
2025-09-22 14:13:00 | INFO | {'message': 'I just shared travel! It was funny.', 'author': 'Bob', 'timestamp': '2025-09-22 14:13:00', 'category': 'travel', 'sentiment': 0.65, 'keyword_mentioned': 'travel', 'message_length': 35}
2025-09-22 14:13:05 | INFO | {'message': 'I just tried travel! It was exciting.', 'author': 'Alice', 'timestamp': '2025-09-22 14:13:05', 'category': 'travel', 'sentiment': 0.51, 'keyword_mentioned': 'travel', 'message_length': 37}
2025-09-22 14:13:10 | INFO | {'message': 'I just found Python! It was amazing.', 'author': 'Eve', 'timestamp': '2025-09-22 14:13:10', 'category': 'tech', 'sentiment': 0.01, 'keyword_mentioned': 'Python', 'message_length': 36}
2025-09-22 14:13:15 | INFO | {'message': 'I just loved a meme! It was funny.', 'author': 'Alice', 'timestamp': '2025-09-22 14:13:15', 'category': 'humor', 'sentiment': 0.11, 'keyword_mentioned': 'meme', 'message_length': 34}
2025-09-22 14:13:20 | INFO | {'message': 'I just loved recipe! It was funny.', 'author': 'Alice', 'timestamp': '2025-09-22 14:13:20', 'category': 'food', 'sentiment': 0.0, 'keyword_mentioned': 'recipe', 'message_length': 34}
2025-09-22 14:13:25 | INFO | {'message': 'I just loved a movie! It was exciting.', 'author': 'Alice', 'timestamp': '2025-09-22 14:13:25', 'category': 'entertainment', 'sentiment': 0.71, 'keyword_mentioned': 'movie', 'message_length': 38}
2025-09-22 14:13:30 | INFO | {'message': 'I just found travel! It was exciting.', 'author': 'Alice', 'timestamp': '2025-09-22 14:13:30', 'category': 'travel', 'sentiment': 0.63, 'keyword_mentioned': 'travel', 'message_length': 37}
2025-09-22 14:13:35 | INFO | {'message': 'I just saw a meme! It was funny.', 'author': 'Eve', 'timestamp': '2025-09-22 14:13:35', 'category': 'humor', 'sentiment': 0.32, 'keyword_mentioned': 'meme', 'message_length': 32}
2025-09-22 14:13:40 | INFO | {'message': 'I just tried Python! It was weird.', 'author': 'Alice', 'timestamp': '2025-09-22 14:13:40', 'category': 'tech', 'sentiment': 0.36, 'keyword_mentioned': 'Python', 'message_length': 34}
2025-09-22 14:13:46 | INFO | {'message': 'I just found travel! It was funny.', 'author': 'Alice', 'timestamp': '2025-09-22 14:13:46', 'category': 'travel', 'sentiment': 0.55, 'keyword_mentioned': 'travel', 'message_length': 34}
2025-09-22 14:13:51 | INFO | {'message': 'I just saw travel! It was funny.', 'author': 'Bob', 'timestamp': '2025-09-22 14:13:51', 'category': 'travel', 'sentiment': 0.81, 'keyword_mentioned': 'travel', 'message_length': 32}
2025-09-22 14:13:56 | INFO | {'message': 'I just found a story! It was exciting.', 'author': 'Alice', 'timestamp': '2025-09-22 14:13:56', 'category': 'other', 'sentiment': 0.61, 'keyword_mentioned': 'other', 'message_length': 38}
2025-09-22 14:14:01 | INFO | {'message': 'I just found travel! It was funny.', 'author': 'Alice', 'timestamp': '2025-09-22 14:14:01', 'category': 'travel', 'sentiment': 0.52, 'keyword_mentioned': 'travel', 'message_length': 34}
2025-09-22 14:14:06 | INFO | {'message': 'I just saw recipe! It was exciting.', 'author': 'Bob', 'timestamp': '2025-09-22 14:14:06', 'category': 'food', 'sentiment': 0.92, 'keyword_mentioned': 'recipe', 'message_length': 35}
2025-09-22 14:14:11 | INFO | {'message': 'I just saw a movie! It was exciting.', 'author': 'Bob', 'timestamp': '2025-09-22 14:14:11', 'category': 'entertainment', 'sentiment': 0.6, 'keyword_mentioned': 'movie', 'message_length': 36}
2025-09-22 14:14:16 | INFO | {'message': 'I just shared a story! It was boring.', 'author': 'Bob', 'timestamp': '2025-09-22 14:14:16', 'category': 'other', 'sentiment': 0.69, 'keyword_mentioned': 'other', 'message_length': 37}
2025-09-22 14:14:21 | INFO | {'message': 'I just shared game! It was funny.', 'author': 'Bob', 'timestamp': '2025-09-22 14:14:21', 'category': 'gaming', 'sentiment': 0.06, 'keyword_mentioned': 'game', 'message_length': 33}
2025-09-22 14:14:26 | INFO | {'message': 'I just tried game! It was amazing.', 'author': 'Bob', 'timestamp': '2025-09-22 14:14:26', 'category': 'gaming', 'sentiment': 0.24, 'keyword_mentioned': 'game', 'message_length': 34}
2025-09-22 14:14:31 | INFO | {'message': 'I just tried JavaScript! It was amazing.', 'author': 'Charlie', 'timestamp': '2025-09-22 14:14:31', 'category': 'tech', 'sentiment': 0.29, 'keyword_mentioned': 'JavaScript', 'message_length': 40}
2025-09-22 14:14:36 | INFO | {'message': 'I just found recipe! It was amazing.', 'author': 'Alice', 'timestamp': '2025-09-22 14:14:36', 'category': 'food', 'sentiment': 0.51, 'keyword_mentioned': 'recipe', 'message_length': 36}
2025-09-22 14:14:41 | INFO | {'message': 'I just tried a story! It was exciting.', 'author': 'Charlie', 'timestamp': '2025-09-22 14:14:41', 'category': 'other', 'sentiment': 0.89, 'keyword_mentioned': 'other', 'message_length': 38}
2025-09-22 14:14:46 | INFO | {'message': 'I just found recipe! It was funny.', 'author': 'Eve', 'timestamp': '2025-09-22 14:14:46', 'category': 'food', 'sentiment': 0.41, 'keyword_mentioned': 'recipe', 'message_length': 34}
2025-09-22 14:14:51 | INFO | {'message': 'I just tried JavaScript! It was funny.', 'author': 'Alice', 'timestamp': '2025-09-22 14:14:51', 'category': 'tech', 'sentiment': 0.02, 'keyword_mentioned': 'JavaScript', 'message_length': 38}
2025-09-22 14:14:56 | INFO | {'message': 'I just saw a story! It was amazing.', 'author': 'Alice', 'timestamp': '2025-09-22 14:14:56', 'category': 'other', 'sentiment': 0.83, 'keyword_mentioned': 'other', 'message_length': 35}
2025-09-22 14:15:01 | INFO | {'message': 'I just shared a trick! It was amazing.', 'author': 'Bob', 'timestamp': '2025-09-22 14:15:01', 'category': 'other', 'sentiment': 0.6, 'keyword_mentioned': 'other', 'message_length': 38}
2025-09-22 14:15:06 | INFO | {'message': 'I just found a trick! It was exciting.', 'author': 'Alice', 'timestamp': '2025-09-22 14:15:06', 'category': 'other', 'sentiment': 0.19, 'keyword_mentioned': 'other', 'message_length': 38}
2025-09-22 14:15:11 | INFO | {'message': 'I just loved an app! It was amazing.', 'author': 'Alice', 'timestamp': '2025-09-22 14:15:11', 'category': 'other', 'sentiment': 0.2, 'keyword_mentioned': 'other', 'message_length': 36}
2025-09-22 14:15:16 | INFO | {'message': 'I just shared a story! It was weird.', 'author': 'Bob', 'timestamp': '2025-09-22 14:15:16', 'category': 'other', 'sentiment': 0.0, 'keyword_mentioned': 'other', 'message_length': 36}
2025-09-22 14:15:21 | INFO | {'message': 'I just saw JavaScript! It was exciting.', 'author': 'Charlie', 'timestamp': '2025-09-22 14:15:21', 'category': 'tech', 'sentiment': 0.91, 'keyword_mentioned': 'JavaScript', 'message_length': 39}
2025-09-22 14:15:26 | INFO | {'message': 'I just tried game! It was amazing.', 'author': 'Alice', 'timestamp': '2025-09-22 14:15:26', 'category': 'gaming', 'sentiment': 0.27, 'keyword_mentioned': 'game', 'message_length': 34}
2025-09-22 14:15:31 | INFO | {'message': 'I just tried a meme! It was amazing.', 'author': 'Bob', 'timestamp': '2025-09-22 14:15:31', 'category': 'humor', 'sentiment': 0.51, 'keyword_mentioned': 'meme', 'message_length': 36}
2025-09-22 14:15:36 | INFO | {'message': 'I just loved an app! It was amazing.', 'author': 'Alice', 'timestamp': '2025-09-22 14:15:36', 'category': 'other', 'sentiment': 0.93, 'keyword_mentioned': 'other', 'message_length': 36}
2025-09-22 14:15:41 | INFO | {'message': 'I just loved a story! It was weird.', 'author': 'Charlie', 'timestamp': '2025-09-22 14:15:41', 'category': 'other', 'sentiment': 0.69, 'keyword_mentioned': 'other', 'message_length': 35}
2025-09-22 14:15:46 | INFO | {'message': 'I just tried a movie! It was funny.', 'author': 'Eve', 'timestamp': '2025-09-22 14:15:46', 'category': 'entertainment', 'sentiment': 0.26, 'keyword_mentioned': 'movie', 'message_length': 35}
2025-09-22 14:15:51 | INFO | {'message': 'I just loved game! It was funny.', 'author': 'Eve', 'timestamp': '2025-09-22 14:15:51', 'category': 'gaming', 'sentiment': 0.54, 'keyword_mentioned': 'game', 'message_length': 32}
2025-09-22 14:15:56 | INFO | {'message': 'I just saw an app! It was amazing.', 'author': 'Bob', 'timestamp': '2025-09-22 14:15:56', 'category': 'other', 'sentiment': 0.54, 'keyword_mentioned': 'other', 'message_length': 34}
2025-09-22 14:16:01 | INFO | {'message': 'I just found JavaScript! It was boring.', 'author': 'Charlie', 'timestamp': '2025-09-22 14:16:01', 'category': 'tech', 'sentiment': 0.02, 'keyword_mentioned': 'JavaScript', 'message_length': 39}
2025-09-22 14:16:06 | INFO | {'message': 'I just found game! It was boring.', 'author': 'Alice', 'timestamp': '2025-09-22 14:16:06', 'category': 'gaming', 'sentiment': 0.89, 'keyword_mentioned': 'game', 'message_length': 33}
2025-09-22 14:16:11 | INFO | {'message': 'I just loved Python! It was weird.', 'author': 'Alice', 'timestamp': '2025-09-22 14:16:11', 'category': 'tech', 'sentiment': 0.49, 'keyword_mentioned': 'Python', 'message_length': 34}
2025-09-22 14:16:16 | INFO | {'message': 'I just tried a movie! It was funny.', 'author': 'Charlie', 'timestamp': '2025-09-22 14:16:16', 'category': 'entertainment', 'sentiment': 0.6, 'keyword_mentioned': 'movie', 'message_length': 35}
2025-09-22 14:16:21 | INFO | {'message': 'I just saw travel! It was amazing.', 'author': 'Eve', 'timestamp': '2025-09-22 14:16:21', 'category': 'travel', 'sentiment': 0.64, 'keyword_mentioned': 'travel', 'message_length': 34}
2025-09-22 14:16:26 | INFO | {'message': 'I just loved recipe! It was amazing.', 'author': 'Alice', 'timestamp': '2025-09-22 14:16:26', 'category': 'food', 'sentiment': 0.43, 'keyword_mentioned': 'recipe', 'message_length': 36}
2025-09-22 14:16:31 | INFO | {'message': 'I just found a movie! It was exciting.', 'author': 'Eve', 'timestamp': '2025-09-22 14:16:31', 'category': 'entertainment', 'sentiment': 0.5, 'keyword_mentioned': 'movie', 'message_length': 38}
2025-09-22 14:16:36 | INFO | {'message': 'I just saw a movie! It was exciting.', 'author': 'Alice', 'timestamp': '2025-09-22 14:16:36', 'category': 'entertainment', 'sentiment': 0.66, 'keyword_mentioned': 'movie', 'message_length': 36}
2025-09-22 14:16:41 | INFO | {'message': 'I just saw a trick! It was exciting.', 'author': 'Eve', 'timestamp': '2025-09-22 14:16:41', 'category': 'other', 'sentiment': 0.4, 'keyword_mentioned': 'other', 'message_length': 36}
2025-09-22 14:16:46 | INFO | {'message': 'I just found travel! It was amazing.', 'author': 'Bob', 'timestamp': '2025-09-22 14:16:46', 'category': 'travel', 'sentiment': 0.52, 'keyword_mentioned': 'travel', 'message_length': 36}
2025-09-22 14:16:51 | INFO | {'message': 'I just loved game! It was boring.', 'author': 'Eve', 'timestamp': '2025-09-22 14:16:51', 'category': 'gaming', 'sentiment': 0.78, 'keyword_mentioned': 'game', 'message_length': 33}
2025-09-22 14:16:56 | INFO | {'message': 'I just tried an app! It was funny.', 'author': 'Alice', 'timestamp': '2025-09-22 14:16:56', 'category': 'other', 'sentiment': 0.33, 'keyword_mentioned': 'other', 'message_length': 34}
2025-09-22 14:17:01 | INFO | {'message': 'I just tried a movie! It was boring.', 'author': 'Alice', 'timestamp': '2025-09-22 14:17:01', 'category': 'entertainment', 'sentiment': 0.84, 'keyword_mentioned': 'movie', 'message_length': 36}
2025-09-22 14:17:06 | INFO | {'message': 'I just found a trick! It was weird.', 'author': 'Charlie', 'timestamp': '2025-09-22 14:17:06', 'category': 'other', 'sentiment': 0.02, 'keyword_mentioned': 'other', 'message_length': 35}
2025-09-22 14:17:11 | INFO | {'message': 'I just saw Python! It was boring.', 'author': 'Charlie', 'timestamp': '2025-09-22 14:17:11', 'category': 'tech', 'sentiment': 0.83, 'keyword_mentioned': 'Python', 'message_length': 33}
2025-09-22 14:17:16 | INFO | {'message': 'I just shared recipe! It was exciting.', 'author': 'Bob', 'timestamp': '2025-09-22 14:17:16', 'category': 'food', 'sentiment': 0.48, 'keyword_mentioned': 'recipe', 'message_length': 38}
2025-09-22 14:17:21 | INFO | {'message': 'I just loved a story! It was boring.', 'author': 'Charlie', 'timestamp': '2025-09-22 14:17:21', 'category': 'other', 'sentiment': 0.82, 'keyword_mentioned': 'other', 'message_length': 36}
2025-09-22 14:17:26 | INFO | {'message': 'I just loved Python! It was exciting.', 'author': 'Alice', 'timestamp': '2025-09-22 14:17:26', 'category': 'tech', 'sentiment': 0.66, 'keyword_mentioned': 'Python', 'message_length': 37}
2025-09-22 14:17:31 | INFO | {'message': 'I just found recipe! It was exciting.', 'author': 'Charlie', 'timestamp': '2025-09-22 14:17:31', 'category': 'food', 'sentiment': 0.26, 'keyword_mentioned': 'recipe', 'message_length': 37}
2025-09-22 14:17:36 | INFO | {'message': 'I just loved recipe! It was exciting.', 'author': 'Eve', 'timestamp': '2025-09-22 14:17:36', 'category': 'food', 'sentiment': 0.84, 'keyword_mentioned': 'recipe', 'message_length': 37}
2025-09-22 14:17:41 | INFO | {'message': 'I just shared a trick! It was boring.', 'author': 'Bob', 'timestamp': '2025-09-22 14:17:41', 'category': 'other', 'sentiment': 0.35, 'keyword_mentioned': 'other', 'message_length': 37}
2025-09-22 14:17:46 | INFO | {'message': 'I just tried game! It was amazing.', 'author': 'Eve', 'timestamp': '2025-09-22 14:17:46', 'category': 'gaming', 'sentiment': 0.31, 'keyword_mentioned': 'game', 'message_length': 34}
2025-09-22 14:17:51 | INFO | {'message': 'I just tried travel! It was weird.', 'author': 'Charlie', 'timestamp': '2025-09-22 14:17:51', 'category': 'travel', 'sentiment': 0.75, 'keyword_mentioned': 'travel', 'message_length': 34}
2025-09-22 14:17:56 | INFO | {'message': 'I just tried Python! It was weird.', 'author': 'Eve', 'timestamp': '2025-09-22 14:17:56', 'category': 'tech', 'sentiment': 0.94, 'keyword_mentioned': 'Python', 'message_length': 34}
2025-09-22 14:18:01 | INFO | {'message': 'I just saw travel! It was amazing.', 'author': 'Alice', 'timestamp': '2025-09-22 14:18:01', 'category': 'travel', 'sentiment': 0.8, 'keyword_mentioned': 'travel', 'message_length': 34}
2025-09-22 14:18:06 | INFO | {'message': 'I just loved a trick! It was exciting.', 'author': 'Eve', 'timestamp': '2025-09-22 14:18:06', 'category': 'other', 'sentiment': 0.79, 'keyword_mentioned': 'other', 'message_length': 38}
2025-09-22 14:18:11 | INFO | {'message': 'I just shared recipe! It was funny.', 'author': 'Alice', 'timestamp': '2025-09-22 14:18:11', 'category': 'food', 'sentiment': 0.24, 'keyword_mentioned': 'recipe', 'message_length': 35}
2025-09-22 14:18:16 | INFO | {'message': 'I just found JavaScript! It was exciting.', 'author': 'Charlie', 'timestamp': '2025-09-22 14:18:16', 'category': 'tech', 'sentiment': 0.66, 'keyword_mentioned': 'JavaScript', 'message_length': 41}
2025-09-22 14:18:21 | INFO | {'message': 'I just tried travel! It was exciting.', 'author': 'Eve', 'timestamp': '2025-09-22 14:18:21', 'category': 'travel', 'sentiment': 0.38, 'keyword_mentioned': 'travel', 'message_length': 37}
2025-09-22 14:18:26 | INFO | {'message': 'I just saw game! It was boring.', 'author': 'Alice', 'timestamp': '2025-09-22 14:18:26', 'category': 'gaming', 'sentiment': 0.86, 'keyword_mentioned': 'game', 'message_length': 31}
2025-09-22 14:18:31 | INFO | {'message': 'I just shared a movie! It was funny.', 'author': 'Charlie', 'timestamp': '2025-09-22 14:18:31', 'category': 'entertainment', 'sentiment': 0.76, 'keyword_mentioned': 'movie', 'message_length': 36}
2025-09-22 14:18:36 | INFO | {'message': 'I just shared a movie! It was amazing.', 'author': 'Charlie', 'timestamp': '2025-09-22 14:18:36', 'category': 'entertainment', 'sentiment': 0.98, 'keyword_mentioned': 'movie', 'message_length': 38}
2025-09-22 14:18:41 | INFO | {'message': 'I just shared travel! It was weird.', 'author': 'Alice', 'timestamp': '2025-09-22 14:18:41', 'category': 'travel', 'sentiment': 0.81, 'keyword_mentioned': 'travel', 'message_length': 35}
2025-09-22 14:18:46 | INFO | {'message': 'I just found travel! It was funny.', 'author': 'Eve', 'timestamp': '2025-09-22 14:18:46', 'category': 'travel', 'sentiment': 0.57, 'keyword_mentioned': 'travel', 'message_length': 34}
2025-09-22 14:18:51 | INFO | {'message': 'I just saw a story! It was exciting.', 'author': 'Bob', 'timestamp': '2025-09-22 14:18:51', 'category': 'other', 'sentiment': 0.49, 'keyword_mentioned': 'other', 'message_length': 36}
2025-09-22 14:18:56 | INFO | {'message': 'I just saw game! It was amazing.', 'author': 'Charlie', 'timestamp': '2025-09-22 14:18:56', 'category': 'gaming', 'sentiment': 0.63, 'keyword_mentioned': 'game', 'message_length': 32}
2025-09-22 14:19:01 | INFO | {'message': 'I just shared a trick! It was weird.', 'author': 'Bob', 'timestamp': '2025-09-22 14:19:01', 'category': 'other', 'sentiment': 0.15, 'keyword_mentioned': 'other', 'message_length': 36}
2025-09-22 14:19:06 | INFO | {'message': 'I just tried a trick! It was boring.', 'author': 'Alice', 'timestamp': '2025-09-22 14:19:06', 'category': 'other', 'sentiment': 0.78, 'keyword_mentioned': 'other', 'message_length': 36}
2025-09-22 14:19:11 | INFO | {'message': 'I just found a movie! It was exciting.', 'author': 'Eve', 'timestamp': '2025-09-22 14:19:11', 'category': 'entertainment', 'sentiment': 0.76, 'keyword_mentioned': 'movie', 'message_length': 38}
2025-09-22 14:19:16 | INFO | {'message': 'I just saw an app! It was funny.', 'author': 'Eve', 'timestamp': '2025-09-22 14:19:16', 'category': 'other', 'sentiment': 0.79, 'keyword_mentioned': 'other', 'message_length': 32}
2025-09-22 14:19:21 | INFO | {'message': 'I just saw a meme! It was weird.', 'author': 'Bob', 'timestamp': '2025-09-22 14:19:21', 'category': 'humor', 'sentiment': 0.18, 'keyword_mentioned': 'meme', 'message_length': 32}
2025-09-22 14:19:26 | INFO | {'message': 'I just tried a movie! It was boring.', 'author': 'Charlie', 'timestamp': '2025-09-22 14:19:26', 'category': 'entertainment', 'sentiment': 0.45, 'keyword_mentioned': 'movie', 'message_length': 36}
2025-09-22 14:19:31 | INFO | {'message': 'I just shared recipe! It was exciting.', 'author': 'Alice', 'timestamp': '2025-09-22 14:19:31', 'category': 'food', 'sentiment': 0.09, 'keyword_mentioned': 'recipe', 'message_length': 38}
2025-09-22 14:19:36 | INFO | {'message': 'I just tried travel! It was funny.', 'author': 'Bob', 'timestamp': '2025-09-22 14:19:36', 'category': 'travel', 'sentiment': 0.15, 'keyword_mentioned': 'travel', 'message_length': 34}
2025-09-22 14:19:41 | INFO | {'message': 'I just saw Python! It was amazing.', 'author': 'Alice', 'timestamp': '2025-09-22 14:19:41', 'category': 'tech', 'sentiment': 0.53, 'keyword_mentioned': 'Python', 'message_length': 34}
2025-09-22 14:19:46 | INFO | {'message': 'I just shared JavaScript! It was funny.', 'author': 'Alice', 'timestamp': '2025-09-22 14:19:46', 'category': 'tech', 'sentiment': 0.84, 'keyword_mentioned': 'JavaScript', 'message_length': 39}
2025-09-22 14:19:51 | INFO | {'message': 'I just saw an app! It was boring.', 'author': 'Eve', 'timestamp': '2025-09-22 14:19:51', 'category': 'other', 'sentiment': 0.73, 'keyword_mentioned': 'other', 'message_length': 33}
2025-09-22 14:19:56 | INFO | {'message': 'I just loved a trick! It was exciting.', 'author': 'Alice', 'timestamp': '2025-09-22 14:19:56', 'category': 'other', 'sentiment': 0.16, 'keyword_mentioned': 'other', 'message_length': 38}
2025-09-22 14:20:01 | INFO | {'message': 'I just shared a movie! It was weird.', 'author': 'Alice', 'timestamp': '2025-09-22 14:20:01', 'category': 'entertainment', 'sentiment': 0.39, 'keyword_mentioned': 'movie', 'message_length': 36}
2025-09-22 14:20:06 | INFO | {'message': 'I just tried a meme! It was amazing.', 'author': 'Eve', 'timestamp': '2025-09-22 14:20:06', 'category': 'humor', 'sentiment': 0.28, 'keyword_mentioned': 'meme', 'message_length': 36}
2025-09-22 14:20:11 | INFO | {'message': 'I just tried a meme! It was boring.', 'author': 'Eve', 'timestamp': '2025-09-22 14:20:11', 'category': 'humor', 'sentiment': 0.68, 'keyword_mentioned': 'meme', 'message_length': 35}
2025-09-22 14:20:16 | INFO | {'message': 'I just found a meme! It was amazing.', 'author': 'Bob', 'timestamp': '2025-09-22 14:20:16', 'category': 'humor', 'sentiment': 0.33, 'keyword_mentioned': 'meme', 'message_length': 36}
2025-09-22 14:20:21 | INFO | {'message': 'I just shared a movie! It was boring.', 'author': 'Bob', 'timestamp': '2025-09-22 14:20:21', 'category': 'entertainment', 'sentiment': 0.46, 'keyword_mentioned': 'movie', 'message_length': 37}
2025-09-22 14:20:26 | INFO | {'message': 'I just loved game! It was exciting.', 'author': 'Bob', 'timestamp': '2025-09-22 14:20:26', 'category': 'gaming', 'sentiment': 0.33, 'keyword_mentioned': 'game', 'message_length': 35}
2025-09-22 14:20:31 | INFO | {'message': 'I just found recipe! It was boring.', 'author': 'Charlie', 'timestamp': '2025-09-22 14:20:31', 'category': 'food', 'sentiment': 0.66, 'keyword_mentioned': 'recipe', 'message_length': 35}
2025-09-22 14:20:36 | INFO | {'message': 'I just found an app! It was amazing.', 'author': 'Eve', 'timestamp': '2025-09-22 14:20:36', 'category': 'other', 'sentiment': 0.69, 'keyword_mentioned': 'other', 'message_length': 36}
2025-09-22 14:20:41 | INFO | {'message': 'I just loved a trick! It was exciting.', 'author': 'Charlie', 'timestamp': '2025-09-22 14:20:41', 'category': 'other', 'sentiment': 0.19, 'keyword_mentioned': 'other', 'message_length': 38}
2025-09-22 14:20:46 | INFO | {'message': 'I just saw recipe! It was weird.', 'author': 'Eve', 'timestamp': '2025-09-22 14:20:46', 'category': 'food', 'sentiment': 0.76, 'keyword_mentioned': 'recipe', 'message_length': 32}
2025-09-22 14:20:51 | INFO | {'message': 'I just loved an app! It was exciting.', 'author': 'Charlie', 'timestamp': '2025-09-22 14:20:51', 'category': 'other', 'sentiment': 0.23, 'keyword_mentioned': 'other', 'message_length': 37}
2025-09-22 14:20:56 | INFO | {'message': 'I just shared a story! It was boring.', 'author': 'Charlie', 'timestamp': '2025-09-22 14:20:56', 'category': 'other', 'sentiment': 0.91, 'keyword_mentioned': 'other', 'message_length': 37}
2025-09-22 14:21:01 | INFO | {'message': 'I just found travel! It was exciting.', 'author': 'Charlie', 'timestamp': '2025-09-22 14:21:01', 'category': 'travel', 'sentiment': 0.68, 'keyword_mentioned': 'travel', 'message_length': 37}
2025-09-22 14:21:06 | INFO | {'message': 'I just tried Python! It was amazing.', 'author': 'Eve', 'timestamp': '2025-09-22 14:21:06', 'category': 'tech', 'sentiment': 0.44, 'keyword_mentioned': 'Python', 'message_length': 36}
2025-09-22 14:21:11 | INFO | {'message': 'I just shared a movie! It was weird.', 'author': 'Alice', 'timestamp': '2025-09-22 14:21:11', 'category': 'entertainment', 'sentiment': 0.35, 'keyword_mentioned': 'movie', 'message_length': 36}
2025-09-22 14:21:16 | INFO | {'message': 'I just saw game! It was boring.', 'author': 'Charlie', 'timestamp': '2025-09-22 14:21:16', 'category': 'gaming', 'sentiment': 0.08, 'keyword_mentioned': 'game', 'message_length': 31}
2025-09-22 14:21:21 | INFO | {'message': 'I just tried a trick! It was exciting.', 'author': 'Charlie', 'timestamp': '2025-09-22 14:21:21', 'category': 'other', 'sentiment': 0.57, 'keyword_mentioned': 'other', 'message_length': 38}
2025-09-22 14:21:26 | INFO | {'message': 'I just saw travel! It was amazing.', 'author': 'Eve', 'timestamp': '2025-09-22 14:21:26', 'category': 'travel', 'sentiment': 0.14, 'keyword_mentioned': 'travel', 'message_length': 34}
2025-09-22 14:21:31 | INFO | {'message': 'I just loved a story! It was boring.', 'author': 'Eve', 'timestamp': '2025-09-22 14:21:31', 'category': 'other', 'sentiment': 0.45, 'keyword_mentioned': 'other', 'message_length': 36}
2025-09-22 14:21:36 | INFO | {'message': 'I just tried a story! It was funny.', 'author': 'Bob', 'timestamp': '2025-09-22 14:21:36', 'category': 'other', 'sentiment': 0.54, 'keyword_mentioned': 'other', 'message_length': 35}
2025-09-22 14:21:41 | INFO | {'message': 'I just shared a trick! It was weird.', 'author': 'Alice', 'timestamp': '2025-09-22 14:21:41', 'category': 'other', 'sentiment': 0.95, 'keyword_mentioned': 'other', 'message_length': 36}
2025-09-22 14:21:46 | INFO | {'message': 'I just saw travel! It was weird.', 'author': 'Eve', 'timestamp': '2025-09-22 14:21:46', 'category': 'travel', 'sentiment': 0.99, 'keyword_mentioned': 'travel', 'message_length': 32}
2025-09-22 14:21:51 | INFO | {'message': 'I just shared a meme! It was weird.', 'author': 'Alice', 'timestamp': '2025-09-22 14:21:51', 'category': 'humor', 'sentiment': 0.94, 'keyword_mentioned': 'meme', 'message_length': 35}
2025-09-22 14:21:56 | INFO | {'message': 'I just saw game! It was weird.', 'author': 'Bob', 'timestamp': '2025-09-22 14:21:56', 'category': 'gaming', 'sentiment': 0.84, 'keyword_mentioned': 'game', 'message_length': 30}
2025-09-22 14:22:01 | INFO | {'message': 'I just found Python! It was weird.', 'author': 'Eve', 'timestamp': '2025-09-22 14:22:01', 'category': 'tech', 'sentiment': 0.54, 'keyword_mentioned': 'Python', 'message_length': 34}
2025-09-22 14:22:06 | INFO | {'message': 'I just found recipe! It was amazing.', 'author': 'Charlie', 'timestamp': '2025-09-22 14:22:06', 'category': 'food', 'sentiment': 0.04, 'keyword_mentioned': 'recipe', 'message_length': 36}
2025-09-22 14:22:11 | INFO | {'message': 'I just found a story! It was weird.', 'author': 'Alice', 'timestamp': '2025-09-22 14:22:11', 'category': 'other', 'sentiment': 0.24, 'keyword_mentioned': 'other', 'message_length': 35}
2025-09-22 14:22:16 | INFO | {'message': 'I just shared a trick! It was weird.', 'author': 'Eve', 'timestamp': '2025-09-22 14:22:16', 'category': 'other', 'sentiment': 0.79, 'keyword_mentioned': 'other', 'message_length': 36}
2025-09-22 14:22:21 | INFO | {'message': 'I just tried recipe! It was funny.', 'author': 'Alice', 'timestamp': '2025-09-22 14:22:21', 'category': 'food', 'sentiment': 0.58, 'keyword_mentioned': 'recipe', 'message_length': 34}
2025-09-22 14:22:26 | INFO | {'message': 'I just tried Python! It was amazing.', 'author': 'Eve', 'timestamp': '2025-09-22 14:22:26', 'category': 'tech', 'sentiment': 0.2, 'keyword_mentioned': 'Python', 'message_length': 36}
2025-09-22 14:22:31 | INFO | {'message': 'I just tried JavaScript! It was weird.', 'author': 'Bob', 'timestamp': '2025-09-22 14:22:31', 'category': 'tech', 'sentiment': 0.86, 'keyword_mentioned': 'JavaScript', 'message_length': 38}
2025-09-22 14:22:36 | INFO | {'message': 'I just tried a movie! It was exciting.', 'author': 'Bob', 'timestamp': '2025-09-22 14:22:36', 'category': 'entertainment', 'sentiment': 0.64, 'keyword_mentioned': 'movie', 'message_length': 38}
2025-09-22 14:22:41 | INFO | {'message': 'I just saw a trick! It was exciting.', 'author': 'Eve', 'timestamp': '2025-09-22 14:22:41', 'category': 'other', 'sentiment': 0.75, 'keyword_mentioned': 'other', 'message_length': 36}
2025-09-22 14:22:46 | INFO | {'message': 'I just found recipe! It was boring.', 'author': 'Eve', 'timestamp': '2025-09-22 14:22:46', 'category': 'food', 'sentiment': 0.16, 'keyword_mentioned': 'recipe', 'message_length': 35}
2025-09-22 14:22:51 | INFO | {'message': 'I just shared an app! It was exciting.', 'author': 'Eve', 'timestamp': '2025-09-22 14:22:51', 'category': 'other', 'sentiment': 0.42, 'keyword_mentioned': 'other', 'message_length': 38}
2025-09-22 14:22:56 | INFO | {'message': 'I just saw an app! It was boring.', 'author': 'Charlie', 'timestamp': '2025-09-22 14:22:56', 'category': 'other', 'sentiment': 0.99, 'keyword_mentioned': 'other', 'message_length': 33}
2025-09-22 14:23:01 | INFO | {'message': 'I just found game! It was funny.', 'author': 'Bob', 'timestamp': '2025-09-22 14:23:01', 'category': 'gaming', 'sentiment': 0.4, 'keyword_mentioned': 'game', 'message_length': 32}
2025-09-22 14:23:06 | INFO | {'message': 'I just found travel! It was boring.', 'author': 'Alice', 'timestamp': '2025-09-22 14:23:06', 'category': 'travel', 'sentiment': 0.57, 'keyword_mentioned': 'travel', 'message_length': 35}
2025-09-22 14:23:11 | INFO | {'message': 'I just saw a trick! It was boring.', 'author': 'Bob', 'timestamp': '2025-09-22 14:23:11', 'category': 'other', 'sentiment': 0.42, 'keyword_mentioned': 'other', 'message_length': 34}
2025-09-22 14:23:16 | INFO | {'message': 'I just saw an app! It was weird.', 'author': 'Charlie', 'timestamp': '2025-09-22 14:23:16', 'category': 'other', 'sentiment': 0.54, 'keyword_mentioned': 'other', 'message_length': 32}
2025-09-22 14:23:21 | INFO | {'message': 'I just saw travel! It was amazing.', 'author': 'Eve', 'timestamp': '2025-09-22 14:23:21', 'category': 'travel', 'sentiment': 0.02, 'keyword_mentioned': 'travel', 'message_length': 34}
2025-09-22 14:23:26 | INFO | {'message': 'I just tried travel! It was amazing.', 'author': 'Alice', 'timestamp': '2025-09-22 14:23:26', 'category': 'travel', 'sentiment': 0.57, 'keyword_mentioned': 'travel', 'message_length': 36}
2025-09-22 14:23:31 | INFO | {'message': 'I just loved a movie! It was weird.', 'author': 'Alice', 'timestamp': '2025-09-22 14:23:31', 'category': 'entertainment', 'sentiment': 0.46, 'keyword_mentioned': 'movie', 'message_length': 35}
2025-09-22 14:23:36 | INFO | {'message': 'I just loved recipe! It was weird.', 'author': 'Charlie', 'timestamp': '2025-09-22 14:23:36', 'category': 'food', 'sentiment': 0.39, 'keyword_mentioned': 'recipe', 'message_length': 34}
2025-09-22 14:23:41 | INFO | {'message': 'I just tried a trick! It was amazing.', 'author': 'Bob', 'timestamp': '2025-09-22 14:23:41', 'category': 'other', 'sentiment': 0.74, 'keyword_mentioned': 'other', 'message_length': 37}
2025-09-22 14:23:46 | INFO | {'message': 'I just loved an app! It was exciting.', 'author': 'Bob', 'timestamp': '2025-09-22 14:23:46', 'category': 'other', 'sentiment': 0.29, 'keyword_mentioned': 'other', 'message_length': 37}
2025-09-22 14:23:51 | INFO | {'message': 'I just found a story! It was funny.', 'author': 'Alice', 'timestamp': '2025-09-22 14:23:51', 'category': 'other', 'sentiment': 0.1, 'keyword_mentioned': 'other', 'message_length': 35}
2025-09-22 14:23:56 | INFO | {'message': 'I just shared game! It was weird.', 'author': 'Bob', 'timestamp': '2025-09-22 14:23:56', 'category': 'gaming', 'sentiment': 0.92, 'keyword_mentioned': 'game', 'message_length': 33}
2025-09-22 14:24:01 | INFO | {'message': 'I just tried a story! It was weird.', 'author': 'Alice', 'timestamp': '2025-09-22 14:24:01', 'category': 'other', 'sentiment': 0.58, 'keyword_mentioned': 'other', 'message_length': 35}
2025-09-22 14:24:06 | INFO | {'message': 'I just shared a meme! It was weird.', 'author': 'Charlie', 'timestamp': '2025-09-22 14:24:06', 'category': 'humor', 'sentiment': 0.41, 'keyword_mentioned': 'meme', 'message_length': 35}
2025-09-22 14:24:11 | INFO | {'message': 'I just tried a story! It was amazing.', 'author': 'Eve', 'timestamp': '2025-09-22 14:24:11', 'category': 'other', 'sentiment': 0.53, 'keyword_mentioned': 'other', 'message_length': 37}
2025-09-22 14:24:16 | INFO | {'message': 'I just loved an app! It was amazing.', 'author': 'Charlie', 'timestamp': '2025-09-22 14:24:16', 'category': 'other', 'sentiment': 0.77, 'keyword_mentioned': 'other', 'message_length': 36}
2025-09-22 14:24:21 | INFO | {'message': 'I just loved a story! It was amazing.', 'author': 'Charlie', 'timestamp': '2025-09-22 14:24:21', 'category': 'other', 'sentiment': 0.07, 'keyword_mentioned': 'other', 'message_length': 37}
2025-09-22 14:24:26 | INFO | {'message': 'I just found JavaScript! It was funny.', 'author': 'Alice', 'timestamp': '2025-09-22 14:24:26', 'category': 'tech', 'sentiment': 0.95, 'keyword_mentioned': 'JavaScript', 'message_length': 38}
2025-09-22 14:24:31 | INFO | {'message': 'I just shared a story! It was boring.', 'author': 'Charlie', 'timestamp': '2025-09-22 14:24:31', 'category': 'other', 'sentiment': 0.17, 'keyword_mentioned': 'other', 'message_length': 37}
2025-09-22 14:24:36 | INFO | {'message': 'I just found JavaScript! It was boring.', 'author': 'Bob', 'timestamp': '2025-09-22 14:24:36', 'category': 'tech', 'sentiment': 0.64, 'keyword_mentioned': 'JavaScript', 'message_length': 39}
2025-09-22 14:24:41 | INFO | {'message': 'I just saw an app! It was funny.', 'author': 'Eve', 'timestamp': '2025-09-22 14:24:41', 'category': 'other', 'sentiment': 0.61, 'keyword_mentioned': 'other', 'message_length': 32}
2025-09-22 14:24:46 | INFO | {'message': 'I just tried recipe! It was funny.', 'author': 'Eve', 'timestamp': '2025-09-22 14:24:46', 'category': 'food', 'sentiment': 0.28, 'keyword_mentioned': 'recipe', 'message_length': 34}
2025-09-22 14:24:51 | INFO | {'message': 'I just found a story! It was funny.', 'author': 'Eve', 'timestamp': '2025-09-22 14:24:51', 'category': 'other', 'sentiment': 0.68, 'keyword_mentioned': 'other', 'message_length': 35}
2025-09-22 14:24:56 | INFO | {'message': 'I just found a movie! It was funny.', 'author': 'Alice', 'timestamp': '2025-09-22 14:24:56', 'category': 'entertainment', 'sentiment': 0.91, 'keyword_mentioned': 'movie', 'message_length': 35}
2025-09-22 14:25:01 | INFO | {'message': 'I just shared an app! It was weird.', 'author': 'Alice', 'timestamp': '2025-09-22 14:25:01', 'category': 'other', 'sentiment': 0.14, 'keyword_mentioned': 'other', 'message_length': 35}
2025-09-22 14:25:06 | INFO | {'message': 'I just tried an app! It was amazing.', 'author': 'Charlie', 'timestamp': '2025-09-22 14:25:06', 'category': 'other', 'sentiment': 0.93, 'keyword_mentioned': 'other', 'message_length': 36}
2025-09-22 14:25:11 | INFO | {'message': 'I just tried recipe! It was boring.', 'author': 'Alice', 'timestamp': '2025-09-22 14:25:11', 'category': 'food', 'sentiment': 0.6, 'keyword_mentioned': 'recipe', 'message_length': 35}
2025-09-22 14:25:16 | INFO | {'message': 'I just saw a movie! It was boring.', 'author': 'Charlie', 'timestamp': '2025-09-22 14:25:16', 'category': 'entertainment', 'sentiment': 0.76, 'keyword_mentioned': 'movie', 'message_length': 34}
2025-09-22 14:25:21 | INFO | {'message': 'I just found a movie! It was funny.', 'author': 'Alice', 'timestamp': '2025-09-22 14:25:21', 'category': 'entertainment', 'sentiment': 0.58, 'keyword_mentioned': 'movie', 'message_length': 35}
2025-09-22 14:25:26 | INFO | {'message': 'I just saw recipe! It was boring.', 'author': 'Charlie', 'timestamp': '2025-09-22 14:25:26', 'category': 'food', 'sentiment': 0.91, 'keyword_mentioned': 'recipe', 'message_length': 33}
2025-09-22 14:25:31 | INFO | {'message': 'I just loved game! It was boring.', 'author': 'Charlie', 'timestamp': '2025-09-22 14:25:31', 'category': 'gaming', 'sentiment': 0.11, 'keyword_mentioned': 'game', 'message_length': 33}
2025-09-22 14:25:36 | INFO | {'message': 'I just tried a story! It was weird.', 'author': 'Alice', 'timestamp': '2025-09-22 14:25:36', 'category': 'other', 'sentiment': 0.46, 'keyword_mentioned': 'other', 'message_length': 35}
2025-09-22 14:25:41 | INFO | {'message': 'I just loved recipe! It was exciting.', 'author': 'Alice', 'timestamp': '2025-09-22 14:25:41', 'category': 'food', 'sentiment': 0.26, 'keyword_mentioned': 'recipe', 'message_length': 37}
2025-09-22 14:25:46 | INFO | {'message': 'I just shared an app! It was weird.', 'author': 'Bob', 'timestamp': '2025-09-22 14:25:46', 'category': 'other', 'sentiment': 0.11, 'keyword_mentioned': 'other', 'message_length': 35}
2025-09-22 14:25:51 | INFO | {'message': 'I just shared travel! It was funny.', 'author': 'Alice', 'timestamp': '2025-09-22 14:25:51', 'category': 'travel', 'sentiment': 0.87, 'keyword_mentioned': 'travel', 'message_length': 35}
2025-09-22 14:25:57 | INFO | {'message': 'I just shared a meme! It was amazing.', 'author': 'Charlie', 'timestamp': '2025-09-22 14:25:57', 'category': 'humor', 'sentiment': 0.84, 'keyword_mentioned': 'meme', 'message_length': 37}
2025-09-22 14:26:02 | INFO | {'message': 'I just tried Python! It was weird.', 'author': 'Eve', 'timestamp': '2025-09-22 14:26:02', 'category': 'tech', 'sentiment': 0.88, 'keyword_mentioned': 'Python', 'message_length': 34}
2025-09-22 14:26:07 | INFO | {'message': 'I just found a meme! It was funny.', 'author': 'Charlie', 'timestamp': '2025-09-22 14:26:07', 'category': 'humor', 'sentiment': 0.27, 'keyword_mentioned': 'meme', 'message_length': 34}
2025-09-22 14:26:12 | INFO | {'message': 'I just found an app! It was exciting.', 'author': 'Bob', 'timestamp': '2025-09-22 14:26:12', 'category': 'other', 'sentiment': 0.59, 'keyword_mentioned': 'other', 'message_length': 37}
2025-09-22 14:26:17 | INFO | {'message': 'I just loved travel! It was exciting.', 'author': 'Bob', 'timestamp': '2025-09-22 14:26:17', 'category': 'travel', 'sentiment': 0.24, 'keyword_mentioned': 'travel', 'message_length': 37}
2025-09-22 14:26:22 | INFO | {'message': 'I just shared JavaScript! It was exciting.', 'author': 'Eve', 'timestamp': '2025-09-22 14:26:22', 'category': 'tech', 'sentiment': 0.33, 'keyword_mentioned': 'JavaScript', 'message_length': 42}
2025-09-22 14:26:27 | INFO | {'message': 'I just loved a story! It was amazing.', 'author': 'Eve', 'timestamp': '2025-09-22 14:26:27', 'category': 'other', 'sentiment': 0.84, 'keyword_mentioned': 'other', 'message_length': 37}
2025-09-22 14:26:32 | INFO | {'message': 'I just saw recipe! It was funny.', 'author': 'Eve', 'timestamp': '2025-09-22 14:26:32', 'category': 'food', 'sentiment': 0.97, 'keyword_mentioned': 'recipe', 'message_length': 32}
2025-09-22 14:26:37 | INFO | {'message': 'I just saw a meme! It was amazing.', 'author': 'Eve', 'timestamp': '2025-09-22 14:26:37', 'category': 'humor', 'sentiment': 0.7, 'keyword_mentioned': 'meme', 'message_length': 34}
2025-09-22 14:26:42 | INFO | {'message': 'I just shared JavaScript! It was funny.', 'author': 'Charlie', 'timestamp': '2025-09-22 14:26:42', 'category': 'tech', 'sentiment': 0.11, 'keyword_mentioned': 'JavaScript', 'message_length': 39}
2025-09-22 14:26:47 | INFO | {'message': 'I just found Python! It was weird.', 'author': 'Alice', 'timestamp': '2025-09-22 14:26:47', 'category': 'tech', 'sentiment': 0.18, 'keyword_mentioned': 'Python', 'message_length': 34}
2025-09-22 14:26:52 | INFO | {'message': 'I just tried a movie! It was amazing.', 'author': 'Charlie', 'timestamp': '2025-09-22 14:26:52', 'category': 'entertainment', 'sentiment': 0.76, 'keyword_mentioned': 'movie', 'message_length': 37}
2025-09-22 14:26:57 | INFO | {'message': 'I just loved an app! It was boring.', 'author': 'Bob', 'timestamp': '2025-09-22 14:26:57', 'category': 'other', 'sentiment': 0.47, 'keyword_mentioned': 'other', 'message_length': 35}
2025-09-22 14:27:02 | INFO | {'message': 'I just saw Python! It was exciting.', 'author': 'Alice', 'timestamp': '2025-09-22 14:27:02', 'category': 'tech', 'sentiment': 0.78, 'keyword_mentioned': 'Python', 'message_length': 35}
2025-09-22 14:27:07 | INFO | {'message': 'I just found JavaScript! It was exciting.', 'author': 'Eve', 'timestamp': '2025-09-22 14:27:07', 'category': 'tech', 'sentiment': 0.53, 'keyword_mentioned': 'JavaScript', 'message_length': 41}
2025-09-22 14:27:12 | INFO | {'message': 'I just tried a story! It was exciting.', 'author': 'Eve', 'timestamp': '2025-09-22 14:27:12', 'category': 'other', 'sentiment': 0.61, 'keyword_mentioned': 'other', 'message_length': 38}
2025-09-22 14:27:17 | INFO | {'message': 'I just saw travel! It was weird.', 'author': 'Alice', 'timestamp': '2025-09-22 14:27:17', 'category': 'travel', 'sentiment': 0.48, 'keyword_mentioned': 'travel', 'message_length': 32}
2025-09-22 14:27:22 | INFO | {'message': 'I just shared a movie! It was amazing.', 'author': 'Eve', 'timestamp': '2025-09-22 14:27:22', 'category': 'entertainment', 'sentiment': 0.56, 'keyword_mentioned': 'movie', 'message_length': 38}
2025-09-22 14:27:27 | INFO | {'message': 'I just found game! It was funny.', 'author': 'Charlie', 'timestamp': '2025-09-22 14:27:27', 'category': 'gaming', 'sentiment': 0.9, 'keyword_mentioned': 'game', 'message_length': 32}
2025-09-22 14:27:32 | INFO | {'message': 'I just saw game! It was weird.', 'author': 'Eve', 'timestamp': '2025-09-22 14:27:32', 'category': 'gaming', 'sentiment': 0.99, 'keyword_mentioned': 'game', 'message_length': 30}
2025-09-22 14:27:37 | INFO | {'message': 'I just shared a story! It was weird.', 'author': 'Bob', 'timestamp': '2025-09-22 14:27:37', 'category': 'other', 'sentiment': 0.86, 'keyword_mentioned': 'other', 'message_length': 36}
2025-09-22 14:27:42 | INFO | {'message': 'I just shared an app! It was amazing.', 'author': 'Bob', 'timestamp': '2025-09-22 14:27:42', 'category': 'other', 'sentiment': 0.46, 'keyword_mentioned': 'other', 'message_length': 37}
