2025-09-22 14:27:47 | INFO | {'message': 'I just found a movie! It was funny.', 'author': 'Bob', 'timestamp': '2025-09-22 14:27:47', 'category': 'entertainment', 'sentiment': 0.86, 'keyword_mentioned': 'movie', 'message_length': 35}
2025-09-22 14:27:51 | INFO | Logging to file: logs/project_log.log
2025-09-22 14:27:51 | INFO | Log sanitization enabled, personal info removed
2025-09-22 14:27:51 | INFO | Project root: /Users/USER/Projects/buzzline-04-USER
2025-09-22 14:27:51 | INFO | Data folder: /Users/USER/Projects/buzzline-04-USER/data
2025-09-22 14:27:51 | INFO | Data file: /Users/USER/Projects/buzzline-04-USER/data/project_live.json
2025-09-22 14:27:51 | INFO | START consumer.
2025-09-22 14:27:52 | INFO | {'message': 'I just loved Python! It was amazing.', 'author': 'Eve', 'timestamp': '2025-09-22 14:27:52', 'category': 'tech', 'sentiment': 0.35, 'keyword_mentioned': 'Python', 'message_length': 36}
2025-09-22 14:27:57 | INFO | {'message': 'I just shared game! It was exciting.', 'author': 'Eve', 'timestamp': '2025-09-22 14:27:57', 'category': 'gaming', 'sentiment': 0.47, 'keyword_mentioned': 'game', 'message_length': 36}
2025-09-22 14:28:02 | INFO | {'message': 'I just shared a movie! It was funny.', 'author': 'Bob', 'timestamp': '2025-09-22 14:28:02', 'category': 'entertainment', 'sentiment': 0.78, 'keyword_mentioned': 'movie', 'message_length': 36}
2025-09-22 14:28:07 | INFO | {'message': 'I just saw recipe! It was exciting.', 'author': 'Bob', 'timestamp': '2025-09-22 14:28:07', 'category': 'food', 'sentiment': 0.9, 'keyword_mentioned': 'recipe', 'message_length': 35}
2025-09-22 14:28:12 | INFO | {'message': 'I just saw a movie! It was funny.', 'author': 'Eve', 'timestamp': '2025-09-22 14:28:12', 'category': 'entertainment', 'sentiment': 0.04, 'keyword_mentioned': 'movie', 'message_length': 33}
2025-09-22 14:28:17 | INFO | {'message': 'I just saw recipe! It was exciting.', 'author': 'Bob', 'timestamp': '2025-09-22 14:28:17', 'category': 'food', 'sentiment': 0.2, 'keyword_mentioned': 'recipe', 'message_length': 35}
2025-09-22 14:28:22 | INFO | {'message': 'I just shared a meme! It was exciting.', 'author': 'Eve', 'timestamp': '2025-09-22 14:28:22', 'category': 'humor', 'sentiment': 0.37, 'keyword_mentioned': 'meme', 'message_length': 38}
2025-09-22 14:28:27 | INFO | {'message': 'I just found a meme! It was boring.', 'author': 'Alice', 'timestamp': '2025-09-22 14:28:27', 'category': 'humor', 'sentiment': 0.82, 'keyword_mentioned': 'meme', 'message_length': 35}
2025-09-22 14:28:32 | INFO | {'message': 'I just loved JavaScript! It was boring.', 'author': 'Charlie', 'timestamp': '2025-09-22 14:28:32', 'category': 'tech', 'sentiment': 0.85, 'keyword_mentioned': 'JavaScript', 'message_length': 39}
2025-09-22 14:28:37 | INFO | {'message': 'I just shared game! It was funny.', 'author': 'Bob', 'timestamp': '2025-09-22 14:28:37', 'category': 'gaming', 'sentiment': 0.44, 'keyword_mentioned': 'game', 'message_length': 33}
2025-09-22 14:28:42 | INFO | {'message': 'I just tried Python! It was exciting.', 'author': 'Alice', 'timestamp': '2025-09-22 14:28:42', 'category': 'tech', 'sentiment': 0.06, 'keyword_mentioned': 'Python', 'message_length': 37}
2025-09-22 14:28:47 | INFO | {'message': 'I just loved a movie! It was weird.', 'author': 'Eve', 'timestamp': '2025-09-22 14:28:47', 'category': 'entertainment', 'sentiment': 0.62, 'keyword_mentioned': 'movie', 'message_length': 35}
2025-09-22 14:28:52 | INFO | {'message': 'I just loved JavaScript! It was boring.', 'author': 'Bob', 'timestamp': '2025-09-22 14:28:52', 'category': 'tech', 'sentiment': 0.56, 'keyword_mentioned': 'JavaScript', 'message_length': 39}
2025-09-22 14:28:57 | INFO | {'message': 'I just shared game! It was amazing.', 'author': 'Alice', 'timestamp': '2025-09-22 14:28:57', 'category': 'gaming', 'sentiment': 0.21, 'keyword_mentioned': 'game', 'message_length': 35}
2025-09-22 14:29:02 | INFO | {'message': 'I just tried Python! It was boring.', 'author': 'Charlie', 'timestamp': '2025-09-22 14:29:02', 'category': 'tech', 'sentiment': 0.41, 'keyword_mentioned': 'Python', 'message_length': 35}
2025-09-22 14:29:07 | INFO | {'message': 'I just shared travel! It was boring.', 'author': 'Alice', 'timestamp': '2025-09-22 14:29:07', 'category': 'travel', 'sentiment': 0.71, 'keyword_mentioned': 'travel', 'message_length': 36}
2025-09-22 14:29:12 | INFO | {'message': 'I just tried game! It was funny.', 'author': 'Alice', 'timestamp': '2025-09-22 14:29:12', 'category': 'gaming', 'sentiment': 0.63, 'keyword_mentioned': 'game', 'message_length': 32}
2025-09-22 14:29:17 | INFO | {'message': 'I just tried Python! It was amazing.', 'author': 'Alice', 'timestamp': '2025-09-22 14:29:17', 'category': 'tech', 'sentiment': 0.24, 'keyword_mentioned': 'Python', 'message_length': 36}
2025-09-22 14:29:22 | INFO | {'message': 'I just loved a movie! It was boring.', 'author': 'Alice', 'timestamp': '2025-09-22 14:29:22', 'category': 'entertainment', 'sentiment': 0.15, 'keyword_mentioned': 'movie', 'message_length': 36}
2025-09-22 14:29:27 | INFO | {'message': 'I just tried a movie! It was exciting.', 'author': 'Charlie', 'timestamp': '2025-09-22 14:29:27', 'category': 'entertainment', 'sentiment': 0.42, 'keyword_mentioned': 'movie', 'message_length': 38}
2025-09-22 14:29:32 | INFO | {'message': 'I just tried recipe! It was amazing.', 'author': 'Bob', 'timestamp': '2025-09-22 14:29:32', 'category': 'food', 'sentiment': 0.33, 'keyword_mentioned': 'recipe', 'message_length': 36}
2025-09-22 14:29:37 | INFO | {'message': 'I just tried a story! It was weird.', 'author': 'Eve', 'timestamp': '2025-09-22 14:29:37', 'category': 'other', 'sentiment': 0.13, 'keyword_mentioned': 'other', 'message_length': 35}
2025-09-22 14:29:42 | INFO | {'message': 'I just tried a story! It was funny.', 'author': 'Bob', 'timestamp': '2025-09-22 14:29:42', 'category': 'other', 'sentiment': 0.07, 'keyword_mentioned': 'other', 'message_length': 35}
2025-09-22 14:29:47 | INFO | {'message': 'I just shared a movie! It was boring.', 'author': 'Charlie', 'timestamp': '2025-09-22 14:29:47', 'category': 'entertainment', 'sentiment': 0.59, 'keyword_mentioned': 'movie', 'message_length': 37}
2025-09-22 14:29:52 | INFO | {'message': 'I just saw a story! It was boring.', 'author': 'Alice', 'timestamp': '2025-09-22 14:29:52', 'category': 'other', 'sentiment': 0.33, 'keyword_mentioned': 'other', 'message_length': 34}
2025-09-22 14:29:57 | INFO | {'message': 'I just saw a movie! It was amazing.', 'author': 'Charlie', 'timestamp': '2025-09-22 14:29:57', 'category': 'entertainment', 'sentiment': 0.19, 'keyword_mentioned': 'movie', 'message_length': 35}
2025-09-22 14:30:02 | INFO | {'message': 'I just saw a meme! It was funny.', 'author': 'Charlie', 'timestamp': '2025-09-22 14:30:02', 'category': 'humor', 'sentiment': 0.18, 'keyword_mentioned': 'meme', 'message_length': 32}
2025-09-22 14:30:07 | INFO | {'message': 'I just saw travel! It was exciting.', 'author': 'Charlie', 'timestamp': '2025-09-22 14:30:07', 'category': 'travel', 'sentiment': 0.02, 'keyword_mentioned': 'travel', 'message_length': 35}
2025-09-22 14:30:12 | INFO | {'message': 'I just tried an app! It was funny.', 'author': 'Charlie', 'timestamp': '2025-09-22 14:30:12', 'category': 'other', 'sentiment': 0.95, 'keyword_mentioned': 'other', 'message_length': 34}
2025-09-22 14:30:17 | INFO | {'message': 'I just shared Python! It was amazing.', 'author': 'Charlie', 'timestamp': '2025-09-22 14:30:17', 'category': 'tech', 'sentiment': 0.25, 'keyword_mentioned': 'Python', 'message_length': 37}
2025-09-22 14:30:22 | INFO | {'message': 'I just tried a movie! It was funny.', 'author': 'Alice', 'timestamp': '2025-09-22 14:30:22', 'category': 'entertainment', 'sentiment': 0.96, 'keyword_mentioned': 'movie', 'message_length': 35}
2025-09-22 14:30:27 | INFO | {'message': 'I just saw game! It was boring.', 'author': 'Bob', 'timestamp': '2025-09-22 14:30:27', 'category': 'gaming', 'sentiment': 0.02, 'keyword_mentioned': 'game', 'message_length': 31}
2025-09-22 14:30:32 | INFO | {'message': 'I just tried a meme! It was weird.', 'author': 'Alice', 'timestamp': '2025-09-22 14:30:32', 'category': 'humor', 'sentiment': 0.02, 'keyword_mentioned': 'meme', 'message_length': 34}
2025-09-22 14:30:37 | INFO | {'message': 'I just found a trick! It was weird.', 'author': 'Bob', 'timestamp': '2025-09-22 14:30:37', 'category': 'other', 'sentiment': 0.9, 'keyword_mentioned': 'other', 'message_length': 35}
2025-09-22 14:30:42 | INFO | {'message': 'I just saw recipe! It was weird.', 'author': 'Bob', 'timestamp': '2025-09-22 14:30:42', 'category': 'food', 'sentiment': 0.76, 'keyword_mentioned': 'recipe', 'message_length': 32}
2025-09-22 14:30:47 | INFO | {'message': 'I just tried a story! It was funny.', 'author': 'Eve', 'timestamp': '2025-09-22 14:30:47', 'category': 'other', 'sentiment': 0.64, 'keyword_mentioned': 'other', 'message_length': 35}
2025-09-22 14:30:52 | INFO | {'message': 'I just shared a movie! It was exciting.', 'author': 'Alice', 'timestamp': '2025-09-22 14:30:52', 'category': 'entertainment', 'sentiment': 0.25, 'keyword_mentioned': 'movie', 'message_length': 39}
2025-09-22 14:30:57 | INFO | {'message': 'I just saw a trick! It was amazing.', 'author': 'Charlie', 'timestamp': '2025-09-22 14:30:57', 'category': 'other', 'sentiment': 0.27, 'keyword_mentioned': 'other', 'message_length': 35}
2025-09-22 14:31:02 | INFO | {'message': 'I just found an app! It was amazing.', 'author': 'Charlie', 'timestamp': '2025-09-22 14:31:02', 'category': 'other', 'sentiment': 0.86, 'keyword_mentioned': 'other', 'message_length': 36}
2025-09-22 14:31:07 | INFO | {'message': 'I just loved a movie! It was weird.', 'author': 'Charlie', 'timestamp': '2025-09-22 14:31:07', 'category': 'entertainment', 'sentiment': 0.51, 'keyword_mentioned': 'movie', 'message_length': 35}
2025-09-22 14:31:12 | INFO | {'message': 'I just loved a meme! It was boring.', 'author': 'Bob', 'timestamp': '2025-09-22 14:31:12', 'category': 'humor', 'sentiment': 0.59, 'keyword_mentioned': 'meme', 'message_length': 35}
2025-09-22 14:31:17 | INFO | {'message': 'I just loved JavaScript! It was weird.', 'author': 'Bob', 'timestamp': '2025-09-22 14:31:17', 'category': 'tech', 'sentiment': 1.0, 'keyword_mentioned': 'JavaScript', 'message_length': 38}
2025-09-22 14:31:22 | INFO | {'message': 'I just shared Python! It was exciting.', 'author': 'Charlie', 'timestamp': '2025-09-22 14:31:22', 'category': 'tech', 'sentiment': 0.3, 'keyword_mentioned': 'Python', 'message_length': 38}
2025-09-22 14:31:27 | INFO | {'message': 'I just loved game! It was boring.', 'author': 'Alice', 'timestamp': '2025-09-22 14:31:27', 'category': 'gaming', 'sentiment': 0.7, 'keyword_mentioned': 'game', 'message_length': 33}
2025-09-22 14:31:32 | INFO | {'message': 'I just tried JavaScript! It was amazing.', 'author': 'Eve', 'timestamp': '2025-09-22 14:31:32', 'category': 'tech', 'sentiment': 0.62, 'keyword_mentioned': 'JavaScript', 'message_length': 40}
2025-09-22 14:31:37 | INFO | {'message': 'I just saw a trick! It was amazing.', 'author': 'Eve', 'timestamp': '2025-09-22 14:31:37', 'category': 'other', 'sentiment': 0.46, 'keyword_mentioned': 'other', 'message_length': 35}
2025-09-22 14:31:42 | INFO | {'message': 'I just shared Python! It was boring.', 'author': 'Eve', 'timestamp': '2025-09-22 14:31:42', 'category': 'tech', 'sentiment': 0.49, 'keyword_mentioned': 'Python', 'message_length': 36}
2025-09-22 14:31:47 | INFO | {'message': 'I just shared recipe! It was weird.', 'author': 'Eve', 'timestamp': '2025-09-22 14:31:47', 'category': 'food', 'sentiment': 0.21, 'keyword_mentioned': 'recipe', 'message_length': 35}
2025-09-22 14:31:52 | INFO | {'message': 'I just saw game! It was amazing.', 'author': 'Charlie', 'timestamp': '2025-09-22 14:31:52', 'category': 'gaming', 'sentiment': 0.85, 'keyword_mentioned': 'game', 'message_length': 32}
2025-09-22 14:31:57 | INFO | {'message': 'I just saw JavaScript! It was amazing.', 'author': 'Charlie', 'timestamp': '2025-09-22 14:31:57', 'category': 'tech', 'sentiment': 0.66, 'keyword_mentioned': 'JavaScript', 'message_length': 38}
2025-09-22 14:32:02 | INFO | {'message': 'I just found an app! It was amazing.', 'author': 'Bob', 'timestamp': '2025-09-22 14:32:02', 'category': 'other', 'sentiment': 0.1, 'keyword_mentioned': 'other', 'message_length': 36}
2025-09-22 14:32:07 | INFO | {'message': 'I just found JavaScript! It was boring.', 'author': 'Eve', 'timestamp': '2025-09-22 14:32:07', 'category': 'tech', 'sentiment': 0.09, 'keyword_mentioned': 'JavaScript', 'message_length': 39}
2025-09-22 14:32:12 | INFO | {'message': 'I just shared game! It was exciting.', 'author': 'Bob', 'timestamp': '2025-09-22 14:32:12', 'category': 'gaming', 'sentiment': 0.05, 'keyword_mentioned': 'game', 'message_length': 36}
2025-09-22 14:32:17 | INFO | {'message': 'I just tried a meme! It was exciting.', 'author': 'Bob', 'timestamp': '2025-09-22 14:32:17', 'category': 'humor', 'sentiment': 0.55, 'keyword_mentioned': 'meme', 'message_length': 37}
2025-09-22 14:32:22 | INFO | {'message': 'I just found a movie! It was weird.', 'author': 'Eve', 'timestamp': '2025-09-22 14:32:22', 'category': 'entertainment', 'sentiment': 0.23, 'keyword_mentioned': 'movie', 'message_length': 35}
2025-09-22 14:32:27 | INFO | {'message': 'I just loved Python! It was funny.', 'author': 'Eve', 'timestamp': '2025-09-22 14:32:27', 'category': 'tech', 'sentiment': 0.29, 'keyword_mentioned': 'Python', 'message_length': 34}
2025-09-22 14:32:32 | INFO | {'message': 'I just saw game! It was exciting.', 'author': 'Eve', 'timestamp': '2025-09-22 14:32:32', 'category': 'gaming', 'sentiment': 0.73, 'keyword_mentioned': 'game', 'message_length': 33}
2025-09-22 14:32:37 | INFO | {'message': 'I just found travel! It was weird.', 'author': 'Eve', 'timestamp': '2025-09-22 14:32:37', 'category': 'travel', 'sentiment': 0.95, 'keyword_mentioned': 'travel', 'message_length': 34}
2025-09-22 14:32:42 | INFO | {'message': 'I just saw a movie! It was exciting.', 'author': 'Alice', 'timestamp': '2025-09-22 14:32:42', 'category': 'entertainment', 'sentiment': 0.65, 'keyword_mentioned': 'movie', 'message_length': 36}
2025-09-22 14:32:47 | INFO | {'message': 'I just tried JavaScript! It was funny.', 'author': 'Alice', 'timestamp': '2025-09-22 14:32:47', 'category': 'tech', 'sentiment': 0.93, 'keyword_mentioned': 'JavaScript', 'message_length': 38}
2025-09-22 14:32:52 | INFO | {'message': 'I just saw game! It was exciting.', 'author': 'Alice', 'timestamp': '2025-09-22 14:32:52', 'category': 'gaming', 'sentiment': 0.36, 'keyword_mentioned': 'game', 'message_length': 33}
2025-09-22 14:32:57 | INFO | {'message': 'I just found game! It was boring.', 'author': 'Eve', 'timestamp': '2025-09-22 14:32:57', 'category': 'gaming', 'sentiment': 0.12, 'keyword_mentioned': 'game', 'message_length': 33}
2025-09-22 14:33:02 | INFO | {'message': 'I just tried game! It was weird.', 'author': 'Charlie', 'timestamp': '2025-09-22 14:33:02', 'category': 'gaming', 'sentiment': 0.04, 'keyword_mentioned': 'game', 'message_length': 32}
2025-09-22 14:33:07 | INFO | {'message': 'I just shared game! It was exciting.', 'author': 'Bob', 'timestamp': '2025-09-22 14:33:07', 'category': 'gaming', 'sentiment': 0.07, 'keyword_mentioned': 'game', 'message_length': 36}
2025-09-22 14:33:12 | INFO | {'message': 'I just saw a movie! It was exciting.', 'author': 'Charlie', 'timestamp': '2025-09-22 14:33:12', 'category': 'entertainment', 'sentiment': 0.1, 'keyword_mentioned': 'movie', 'message_length': 36}
2025-09-22 14:33:39 | INFO | {'message': 'I just found game! It was funny.', 'author': 'Eve', 'timestamp': '2025-09-22 14:33:39', 'category': 'gaming', 'sentiment': 0.69, 'keyword_mentioned': 'game', 'message_length': 32}
2025-09-22 14:33:44 | INFO | {'message': 'I just shared an app! It was weird.', 'author': 'Alice', 'timestamp': '2025-09-22 14:33:44', 'category': 'other', 'sentiment': 0.29, 'keyword_mentioned': 'other', 'message_length': 35}
2025-09-22 14:33:49 | INFO | {'message': 'I just shared a story! It was funny.', 'author': 'Charlie', 'timestamp': '2025-09-22 14:33:49', 'category': 'other', 'sentiment': 0.26, 'keyword_mentioned': 'other', 'message_length': 36}
2025-09-22 14:33:54 | INFO | {'message': 'I just tried travel! It was funny.', 'author': 'Alice', 'timestamp': '2025-09-22 14:33:54', 'category': 'travel', 'sentiment': 0.83, 'keyword_mentioned': 'travel', 'message_length': 34}
2025-09-22 14:33:59 | INFO | {'message': 'I just tried JavaScript! It was amazing.', 'author': 'Alice', 'timestamp': '2025-09-22 14:33:59', 'category': 'tech', 'sentiment': 0.66, 'keyword_mentioned': 'JavaScript', 'message_length': 40}
2025-09-22 14:34:04 | INFO | {'message': 'I just found JavaScript! It was amazing.', 'author': 'Charlie', 'timestamp': '2025-09-22 14:34:04', 'category': 'tech', 'sentiment': 0.47, 'keyword_mentioned': 'JavaScript', 'message_length': 40}
2025-09-22 14:34:09 | INFO | {'message': 'I just loved Python! It was weird.', 'author': 'Eve', 'timestamp': '2025-09-22 14:34:09', 'category': 'tech', 'sentiment': 0.6, 'keyword_mentioned': 'Python', 'message_length': 34}
2025-09-22 14:34:14 | INFO | {'message': 'I just saw a story! It was amazing.', 'author': 'Eve', 'timestamp': '2025-09-22 14:34:14', 'category': 'other', 'sentiment': 0.72, 'keyword_mentioned': 'other', 'message_length': 35}
2025-09-22 14:34:19 | INFO | {'message': 'I just loved a movie! It was boring.', 'author': 'Alice', 'timestamp': '2025-09-22 14:34:19', 'category': 'entertainment', 'sentiment': 0.53, 'keyword_mentioned': 'movie', 'message_length': 36}
2025-09-22 14:34:24 | INFO | {'message': 'I just loved a story! It was exciting.', 'author': 'Charlie', 'timestamp': '2025-09-22 14:34:24', 'category': 'other', 'sentiment': 0.98, 'keyword_mentioned': 'other', 'message_length': 38}
2025-09-22 14:34:29 | INFO | {'message': 'I just found game! It was funny.', 'author': 'Charlie', 'timestamp': '2025-09-22 14:34:29', 'category': 'gaming', 'sentiment': 0.75, 'keyword_mentioned': 'game', 'message_length': 32}
2025-09-22 14:34:34 | INFO | {'message': 'I just found an app! It was boring.', 'author': 'Bob', 'timestamp': '2025-09-22 14:34:34', 'category': 'other', 'sentiment': 0.94, 'keyword_mentioned': 'other', 'message_length': 35}
2025-09-22 14:34:39 | INFO | {'message': 'I just saw JavaScript! It was boring.', 'author': 'Eve', 'timestamp': '2025-09-22 14:34:39', 'category': 'tech', 'sentiment': 0.83, 'keyword_mentioned': 'JavaScript', 'message_length': 37}
2025-09-22 14:34:44 | INFO | {'message': 'I just found travel! It was amazing.', 'author': 'Charlie', 'timestamp': '2025-09-22 14:34:44', 'category': 'travel', 'sentiment': 0.52, 'keyword_mentioned': 'travel', 'message_length': 36}
2025-09-22 14:34:49 | INFO | {'message': 'I just tried JavaScript! It was funny.', 'author': 'Charlie', 'timestamp': '2025-09-22 14:34:49', 'category': 'tech', 'sentiment': 0.45, 'keyword_mentioned': 'JavaScript', 'message_length': 38}
2025-09-22 14:34:54 | INFO | {'message': 'I just shared Python! It was exciting.', 'author': 'Charlie', 'timestamp': '2025-09-22 14:34:54', 'category': 'tech', 'sentiment': 0.14, 'keyword_mentioned': 'Python', 'message_length': 38}
2025-09-22 14:34:59 | INFO | {'message': 'I just found a trick! It was amazing.', 'author': 'Alice', 'timestamp': '2025-09-22 14:34:59', 'category': 'other', 'sentiment': 0.21, 'keyword_mentioned': 'other', 'message_length': 37}
2025-09-22 14:35:04 | INFO | {'message': 'I just tried an app! It was amazing.', 'author': 'Eve', 'timestamp': '2025-09-22 14:35:04', 'category': 'other', 'sentiment': 0.23, 'keyword_mentioned': 'other', 'message_length': 36}
2025-09-22 14:35:09 | INFO | {'message': 'I just shared Python! It was amazing.', 'author': 'Eve', 'timestamp': '2025-09-22 14:35:09', 'category': 'tech', 'sentiment': 0.41, 'keyword_mentioned': 'Python', 'message_length': 37}
2025-09-22 14:35:14 | INFO | {'message': 'I just tried JavaScript! It was boring.', 'author': 'Alice', 'timestamp': '2025-09-22 14:35:14', 'category': 'tech', 'sentiment': 0.21, 'keyword_mentioned': 'JavaScript', 'message_length': 39}
2025-09-22 14:35:19 | INFO | {'message': 'I just found a meme! It was funny.', 'author': 'Charlie', 'timestamp': '2025-09-22 14:35:19', 'category': 'humor', 'sentiment': 0.48, 'keyword_mentioned': 'meme', 'message_length': 34}
2025-09-22 14:35:24 | INFO | {'message': 'I just saw Python! It was amazing.', 'author': 'Alice', 'timestamp': '2025-09-22 14:35:24', 'category': 'tech', 'sentiment': 0.46, 'keyword_mentioned': 'Python', 'message_length': 34}
2025-09-22 14:35:29 | INFO | {'message': 'I just saw travel! It was weird.', 'author': 'Alice', 'timestamp': '2025-09-22 14:35:29', 'category': 'travel', 'sentiment': 0.7, 'keyword_mentioned': 'travel', 'message_length': 32}
2025-09-22 14:35:34 | INFO | {'message': 'I just tried a trick! It was funny.', 'author': 'Alice', 'timestamp': '2025-09-22 14:35:34', 'category': 'other', 'sentiment': 0.58, 'keyword_mentioned': 'other', 'message_length': 35}
2025-09-22 14:35:39 | INFO | {'message': 'I just tried Python! It was funny.', 'author': 'Charlie', 'timestamp': '2025-09-22 14:35:39', 'category': 'tech', 'sentiment': 0.41, 'keyword_mentioned': 'Python', 'message_length': 34}
2025-09-22 14:35:44 | INFO | {'message': 'I just loved game! It was weird.', 'author': 'Bob', 'timestamp': '2025-09-22 14:35:44', 'category': 'gaming', 'sentiment': 0.7, 'keyword_mentioned': 'game', 'message_length': 32}
2025-09-22 14:35:49 | INFO | {'message': 'I just tried JavaScript! It was amazing.', 'author': 'Alice', 'timestamp': '2025-09-22 14:35:49', 'category': 'tech', 'sentiment': 0.2, 'keyword_mentioned': 'JavaScript', 'message_length': 40}
2025-09-22 14:35:54 | INFO | {'message': 'I just found game! It was exciting.', 'author': 'Eve', 'timestamp': '2025-09-22 14:35:54', 'category': 'gaming', 'sentiment': 0.25, 'keyword_mentioned': 'game', 'message_length': 35}
2025-09-22 14:35:59 | INFO | {'message': 'I just found JavaScript! It was funny.', 'author': 'Charlie', 'timestamp': '2025-09-22 14:35:59', 'category': 'tech', 'sentiment': 0.94, 'keyword_mentioned': 'JavaScript', 'message_length': 38}
2025-09-22 14:36:04 | INFO | {'message': 'I just tried JavaScript! It was boring.', 'author': 'Charlie', 'timestamp': '2025-09-22 14:36:04', 'category': 'tech', 'sentiment': 0.92, 'keyword_mentioned': 'JavaScript', 'message_length': 39}
2025-09-22 14:36:09 | INFO | {'message': 'I just found Python! It was amazing.', 'author': 'Charlie', 'timestamp': '2025-09-22 14:36:09', 'category': 'tech', 'sentiment': 0.37, 'keyword_mentioned': 'Python', 'message_length': 36}
2025-09-22 14:36:14 | INFO | {'message': 'I just found a story! It was boring.', 'author': 'Bob', 'timestamp': '2025-09-22 14:36:14', 'category': 'other', 'sentiment': 0.6, 'keyword_mentioned': 'other', 'message_length': 36}
2025-09-22 14:36:19 | INFO | {'message': 'I just shared a movie! It was amazing.', 'author': 'Alice', 'timestamp': '2025-09-22 14:36:19', 'category': 'entertainment', 'sentiment': 0.37, 'keyword_mentioned': 'movie', 'message_length': 38}
2025-09-22 14:36:24 | INFO | {'message': 'I just shared a story! It was funny.', 'author': 'Eve', 'timestamp': '2025-09-22 14:36:24', 'category': 'other', 'sentiment': 0.79, 'keyword_mentioned': 'other', 'message_length': 36}
2025-09-22 14:36:29 | INFO | {'message': 'I just saw an app! It was amazing.', 'author': 'Eve', 'timestamp': '2025-09-22 14:36:29', 'category': 'other', 'sentiment': 0.22, 'keyword_mentioned': 'other', 'message_length': 34}
2025-09-22 14:36:34 | INFO | {'message': 'I just found Python! It was exciting.', 'author': 'Bob', 'timestamp': '2025-09-22 14:36:34', 'category': 'tech', 'sentiment': 0.27, 'keyword_mentioned': 'Python', 'message_length': 37}
2025-09-22 14:36:39 | INFO | {'message': 'I just tried a story! It was exciting.', 'author': 'Alice', 'timestamp': '2025-09-22 14:36:39', 'category': 'other', 'sentiment': 0.51, 'keyword_mentioned': 'other', 'message_length': 38}
2025-09-22 14:36:44 | INFO | {'message': 'I just loved an app! It was weird.', 'author': 'Alice', 'timestamp': '2025-09-22 14:36:44', 'category': 'other', 'sentiment': 0.17, 'keyword_mentioned': 'other', 'message_length': 34}
2025-09-22 14:36:49 | INFO | {'message': 'I just shared a meme! It was funny.', 'author': 'Bob', 'timestamp': '2025-09-22 14:36:49', 'category': 'humor', 'sentiment': 0.59, 'keyword_mentioned': 'meme', 'message_length': 35}
2025-09-22 14:36:54 | INFO | {'message': 'I just tried a trick! It was exciting.', 'author': 'Charlie', 'timestamp': '2025-09-22 14:36:54', 'category': 'other', 'sentiment': 0.09, 'keyword_mentioned': 'other', 'message_length': 38}
2025-09-22 14:36:59 | INFO | {'message': 'I just shared JavaScript! It was weird.', 'author': 'Charlie', 'timestamp': '2025-09-22 14:36:59', 'category': 'tech', 'sentiment': 0.22, 'keyword_mentioned': 'JavaScript', 'message_length': 39}
2025-09-22 14:37:04 | INFO | {'message': 'I just shared a movie! It was amazing.', 'author': 'Bob', 'timestamp': '2025-09-22 14:37:04', 'category': 'entertainment', 'sentiment': 0.85, 'keyword_mentioned': 'movie', 'message_length': 38}
2025-09-22 14:37:09 | INFO | {'message': 'I just found Python! It was funny.', 'author': 'Alice', 'timestamp': '2025-09-22 14:37:09', 'category': 'tech', 'sentiment': 0.86, 'keyword_mentioned': 'Python', 'message_length': 34}
2025-09-22 14:37:14 | INFO | {'message': 'I just tried JavaScript! It was boring.', 'author': 'Charlie', 'timestamp': '2025-09-22 14:37:14', 'category': 'tech', 'sentiment': 0.3, 'keyword_mentioned': 'JavaScript', 'message_length': 39}
2025-09-22 14:37:19 | INFO | {'message': 'I just found travel! It was exciting.', 'author': 'Charlie', 'timestamp': '2025-09-22 14:37:19', 'category': 'travel', 'sentiment': 0.03, 'keyword_mentioned': 'travel', 'message_length': 37}
2025-09-22 14:37:24 | INFO | {'message': 'I just saw recipe! It was funny.', 'author': 'Bob', 'timestamp': '2025-09-22 14:37:24', 'category': 'food', 'sentiment': 0.25, 'keyword_mentioned': 'recipe', 'message_length': 32}
2025-09-22 14:37:29 | INFO | {'message': 'I just shared JavaScript! It was exciting.', 'author': 'Eve', 'timestamp': '2025-09-22 14:37:29', 'category': 'tech', 'sentiment': 0.7, 'keyword_mentioned': 'JavaScript', 'message_length': 42}
2025-09-22 14:37:34 | INFO | {'message': 'I just loved a movie! It was amazing.', 'author': 'Bob', 'timestamp': '2025-09-22 14:37:34', 'category': 'entertainment', 'sentiment': 0.26, 'keyword_mentioned': 'movie', 'message_length': 37}
2025-09-22 14:37:39 | INFO | {'message': 'I just tried travel! It was boring.', 'author': 'Charlie', 'timestamp': '2025-09-22 14:37:39', 'category': 'travel', 'sentiment': 0.17, 'keyword_mentioned': 'travel', 'message_length': 35}
2025-09-22 14:37:44 | INFO | {'message': 'I just shared recipe! It was exciting.', 'author': 'Alice', 'timestamp': '2025-09-22 14:37:44', 'category': 'food', 'sentiment': 0.46, 'keyword_mentioned': 'recipe', 'message_length': 38}
2025-09-22 14:37:49 | INFO | {'message': 'I just found JavaScript! It was funny.', 'author': 'Alice', 'timestamp': '2025-09-22 14:37:49', 'category': 'tech', 'sentiment': 0.63, 'keyword_mentioned': 'JavaScript', 'message_length': 38}
2025-09-22 14:37:54 | INFO | {'message': 'I just loved game! It was weird.', 'author': 'Charlie', 'timestamp': '2025-09-22 14:37:54', 'category': 'gaming', 'sentiment': 0.73, 'keyword_mentioned': 'game', 'message_length': 32}
2025-09-22 14:37:59 | INFO | {'message': 'I just saw game! It was amazing.', 'author': 'Eve', 'timestamp': '2025-09-22 14:37:59', 'category': 'gaming', 'sentiment': 0.65, 'keyword_mentioned': 'game', 'message_length': 32}
2025-09-22 14:38:04 | INFO | {'message': 'I just tried recipe! It was funny.', 'author': 'Bob', 'timestamp': '2025-09-22 14:38:04', 'category': 'food', 'sentiment': 0.83, 'keyword_mentioned': 'recipe', 'message_length': 34}
2025-09-22 14:38:09 | INFO | {'message': 'I just shared game! It was funny.', 'author': 'Eve', 'timestamp': '2025-09-22 14:38:09', 'category': 'gaming', 'sentiment': 0.36, 'keyword_mentioned': 'game', 'message_length': 33}
2025-09-22 14:38:14 | INFO | {'message': 'I just tried Python! It was amazing.', 'author': 'Bob', 'timestamp': '2025-09-22 14:38:14', 'category': 'tech', 'sentiment': 0.63, 'keyword_mentioned': 'Python', 'message_length': 36}
2025-09-22 14:38:19 | INFO | {'message': 'I just saw JavaScript! It was boring.', 'author': 'Charlie', 'timestamp': '2025-09-22 14:38:19', 'category': 'tech', 'sentiment': 0.34, 'keyword_mentioned': 'JavaScript', 'message_length': 37}
2025-09-22 14:38:24 | INFO | {'message': 'I just saw a movie! It was amazing.', 'author': 'Alice', 'timestamp': '2025-09-22 14:38:24', 'category': 'entertainment', 'sentiment': 0.62, 'keyword_mentioned': 'movie', 'message_length': 35}
2025-09-22 14:38:29 | INFO | {'message': 'I just loved a story! It was amazing.', 'author': 'Alice', 'timestamp': '2025-09-22 14:38:29', 'category': 'other', 'sentiment': 0.67, 'keyword_mentioned': 'other', 'message_length': 37}
2025-09-22 14:38:33 | INFO | Consumer interrupted by user.
2025-09-22 14:38:34 | INFO | {'message': 'I just loved recipe! It was amazing.', 'author': 'Eve', 'timestamp': '2025-09-22 14:38:34', 'category': 'food', 'sentiment': 0.09, 'keyword_mentioned': 'recipe', 'message_length': 36}
2025-09-22 14:38:39 | INFO | {'message': 'I just loved a movie! It was exciting.', 'author': 'Bob', 'timestamp': '2025-09-22 14:38:39', 'category': 'entertainment', 'sentiment': 0.89, 'keyword_mentioned': 'movie', 'message_length': 38}
2025-09-22 14:38:41 | INFO | Logging to file: logs/project_log.log
2025-09-22 14:38:41 | INFO | Log sanitization enabled, personal info removed
2025-09-22 14:38:41 | INFO | Project root: /Users/USER/Projects/buzzline-04-USER
2025-09-22 14:38:41 | INFO | Data folder: /Users/USER/Projects/buzzline-04-USER/data
2025-09-22 14:38:41 | INFO | Data file: /Users/USER/Projects/buzzline-04-USER/data/project_live.json
2025-09-22 14:38:41 | INFO | START consumer.
2025-09-22 14:38:44 | INFO | {'message': 'I just saw game! It was weird.', 'author': 'Charlie', 'timestamp': '2025-09-22 14:38:44', 'category': 'gaming', 'sentiment': 0.2, 'keyword_mentioned': 'game', 'message_length': 30}
2025-09-22 14:38:49 | INFO | {'message': 'I just tried travel! It was boring.', 'author': 'Bob', 'timestamp': '2025-09-22 14:38:49', 'category': 'travel', 'sentiment': 0.88, 'keyword_mentioned': 'travel', 'message_length': 35}
2025-09-22 14:38:54 | INFO | {'message': 'I just saw an app! It was weird.', 'author': 'Eve', 'timestamp': '2025-09-22 14:38:54', 'category': 'other', 'sentiment': 0.94, 'keyword_mentioned': 'other', 'message_length': 32}
2025-09-22 14:38:59 | INFO | {'message': 'I just found a trick! It was weird.', 'author': 'Bob', 'timestamp': '2025-09-22 14:38:59', 'category': 'other', 'sentiment': 0.52, 'keyword_mentioned': 'other', 'message_length': 35}
2025-09-22 14:39:04 | INFO | {'message': 'I just found a meme! It was exciting.', 'author': 'Eve', 'timestamp': '2025-09-22 14:39:04', 'category': 'humor', 'sentiment': 0.44, 'keyword_mentioned': 'meme', 'message_length': 37}
2025-09-22 14:39:09 | INFO | {'message': 'I just tried game! It was amazing.', 'author': 'Bob', 'timestamp': '2025-09-22 14:39:09', 'category': 'gaming', 'sentiment': 0.93, 'keyword_mentioned': 'game', 'message_length': 34}
2025-09-22 14:39:14 | INFO | {'message': 'I just shared recipe! It was weird.', 'author': 'Charlie', 'timestamp': '2025-09-22 14:39:14', 'category': 'food', 'sentiment': 0.53, 'keyword_mentioned': 'recipe', 'message_length': 35}
2025-09-22 14:39:19 | INFO | {'message': 'I just loved an app! It was boring.', 'author': 'Charlie', 'timestamp': '2025-09-22 14:39:19', 'category': 'other', 'sentiment': 0.81, 'keyword_mentioned': 'other', 'message_length': 35}
2025-09-22 14:39:24 | INFO | {'message': 'I just found an app! It was amazing.', 'author': 'Eve', 'timestamp': '2025-09-22 14:39:24', 'category': 'other', 'sentiment': 0.23, 'keyword_mentioned': 'other', 'message_length': 36}
2025-09-22 14:39:29 | INFO | {'message': 'I just saw JavaScript! It was amazing.', 'author': 'Bob', 'timestamp': '2025-09-22 14:39:29', 'category': 'tech', 'sentiment': 0.47, 'keyword_mentioned': 'JavaScript', 'message_length': 38}
2025-09-22 14:39:34 | INFO | {'message': 'I just found an app! It was boring.', 'author': 'Charlie', 'timestamp': '2025-09-22 14:39:34', 'category': 'other', 'sentiment': 0.37, 'keyword_mentioned': 'other', 'message_length': 35}
2025-09-22 14:39:39 | INFO | {'message': 'I just found a story! It was exciting.', 'author': 'Charlie', 'timestamp': '2025-09-22 14:39:39', 'category': 'other', 'sentiment': 0.44, 'keyword_mentioned': 'other', 'message_length': 38}
