2025-09-20 04:49:36 | INFO | {'message': 'I just tried a trick! It was amazing.', 'author': 'Charlie'}
2025-09-20 04:49:39 | INFO | {'message': 'I just found an app! It was exciting.', 'author': 'Charlie'}
2025-09-20 04:49:42 | INFO | {'message': 'I just loved an app! It was funny.', 'author': 'Alice'}
2025-09-20 04:49:45 | INFO | {'message': 'I just tried an app! It was amazing.', 'author': 'Bob'}
2025-09-20 04:49:48 | INFO | {'message': 'I just saw a trick! It was amazing.', 'author': 'Bob'}
2025-09-20 04:49:51 | INFO | {'message': 'I just saw a trick! It was exciting.', 'author': 'Eve'}
2025-09-20 04:49:54 | INFO | {'message': 'I just found a movie! It was exciting.', 'author': 'Eve'}
2025-09-20 04:49:57 | INFO | {'message': 'I just tried a movie! It was funny.', 'author': 'Charlie'}
2025-09-20 04:50:00 | INFO | {'message': 'I just loved a movie! It was exciting.', 'author': 'Bob'}
2025-09-20 04:50:03 | INFO | {'message': 'I just shared a trick! It was weird.', 'author': 'Eve'}
2025-09-20 04:50:06 | INFO | {'message': 'I just saw a trick! It was amazing.', 'author': 'Alice'}
2025-09-20 04:50:09 | INFO | {'message': 'I just saw a story! It was exciting.', 'author': 'Charlie'}
2025-09-20 04:50:12 | INFO | {'message': 'I just saw a trick! It was exciting.', 'author': 'Bob'}
2025-09-20 04:50:15 | INFO | {'message': 'I just found a meme! It was exciting.', 'author': 'Charlie'}
2025-09-20 04:50:18 | INFO | {'message': 'I just tried a story! It was amazing.', 'author': 'Charlie'}
2025-09-20 04:50:21 | INFO | {'message': 'I just shared a movie! It was boring.', 'author': 'Charlie'}
2025-09-20 04:50:24 | INFO | {'message': 'I just loved a movie! It was amazing.', 'author': 'Alice'}
2025-09-20 04:50:27 | INFO | {'message': 'I just found an app! It was boring.', 'author': 'Charlie'}
2025-09-20 04:50:30 | INFO | {'message': 'I just tried a trick! It was weird.', 'author': 'Bob'}
2025-09-20 04:50:33 | INFO | {'message': 'I just loved a meme! It was amazing.', 'author': 'Eve'}
2025-09-20 04:50:36 | INFO | {'message': 'I just found a trick! It was amazing.', 'author': 'Eve'}
2025-09-20 04:50:39 | INFO | {'message': 'I just saw a meme! It was funny.', 'author': 'Eve'}
2025-09-20 04:50:42 | INFO | {'message': 'I just found a trick! It was boring.', 'author': 'Alice'}
2025-09-20 04:50:45 | INFO | {'message': 'I just shared a story! It was weird.', 'author': 'Charlie'}
2025-09-20 04:50:48 | INFO | {'message': 'I just found a story! It was weird.', 'author': 'Charlie'}
2025-09-20 04:50:51 | INFO | {'message': 'I just found an app! It was boring.', 'author': 'Bob'}
2025-09-20 04:50:54 | INFO | {'message': 'I just found a story! It was amazing.', 'author': 'Alice'}
2025-09-20 04:50:57 | INFO | {'message': 'I just saw a story! It was funny.', 'author': 'Eve'}
2025-09-20 04:51:00 | INFO | {'message': 'I just shared a story! It was weird.', 'author': 'Bob'}
2025-09-20 04:51:03 | INFO | {'message': 'I just saw a story! It was exciting.', 'author': 'Bob'}
2025-09-20 04:51:06 | INFO | {'message': 'I just saw an app! It was boring.', 'author': 'Eve'}
2025-09-20 04:51:09 | INFO | {'message': 'I just shared a story! It was weird.', 'author': 'Eve'}
2025-09-20 04:51:12 | INFO | {'message': 'I just tried a movie! It was exciting.', 'author': 'Alice'}
2025-09-20 04:51:15 | INFO | {'message': 'I just shared a movie! It was exciting.', 'author': 'Charlie'}
2025-09-20 04:51:18 | INFO | {'message': 'I just tried a trick! It was boring.', 'author': 'Charlie'}
2025-09-20 04:51:21 | INFO | {'message': 'I just found a meme! It was weird.', 'author': 'Bob'}
2025-09-20 04:51:24 | INFO | {'message': 'I just tried a trick! It was exciting.', 'author': 'Eve'}
2025-09-20 04:51:27 | INFO | {'message': 'I just tried an app! It was exciting.', 'author': 'Alice'}
2025-09-20 04:51:30 | INFO | {'message': 'I just loved a trick! It was exciting.', 'author': 'Charlie'}
2025-09-20 04:51:33 | INFO | {'message': 'I just found a meme! It was funny.', 'author': 'Eve'}
2025-09-20 04:51:36 | INFO | {'message': 'I just found a trick! It was exciting.', 'author': 'Bob'}
2025-09-20 04:51:39 | INFO | {'message': 'I just loved an app! It was boring.', 'author': 'Alice'}
2025-09-20 04:51:42 | INFO | {'message': 'I just tried a story! It was exciting.', 'author': 'Bob'}
2025-09-20 04:51:45 | INFO | {'message': 'I just found an app! It was funny.', 'author': 'Eve'}
2025-09-20 04:51:48 | INFO | {'message': 'I just tried a story! It was boring.', 'author': 'Alice'}
2025-09-20 04:51:51 | INFO | {'message': 'I just tried a movie! It was amazing.', 'author': 'Charlie'}
2025-09-20 04:51:54 | INFO | {'message': 'I just loved a meme! It was weird.', 'author': 'Alice'}
2025-09-20 04:51:57 | INFO | {'message': 'I just found a story! It was boring.', 'author': 'Eve'}
2025-09-20 04:52:00 | INFO | {'message': 'I just found a meme! It was weird.', 'author': 'Eve'}
2025-09-20 04:52:03 | INFO | {'message': 'I just tried a meme! It was amazing.', 'author': 'Eve'}
2025-09-20 04:52:06 | INFO | {'message': 'I just shared a story! It was funny.', 'author': 'Bob'}
2025-09-20 04:52:09 | INFO | {'message': 'I just tried a trick! It was exciting.', 'author': 'Charlie'}
2025-09-20 04:52:12 | INFO | {'message': 'I just found an app! It was boring.', 'author': 'Bob'}
2025-09-20 04:52:15 | INFO | {'message': 'I just tried a meme! It was funny.', 'author': 'Charlie'}
2025-09-20 04:52:18 | INFO | {'message': 'I just tried a movie! It was boring.', 'author': 'Charlie'}
2025-09-20 04:52:21 | INFO | {'message': 'I just saw a movie! It was amazing.', 'author': 'Charlie'}
2025-09-20 04:52:24 | INFO | {'message': 'I just loved a meme! It was exciting.', 'author': 'Charlie'}
2025-09-20 04:52:27 | INFO | {'message': 'I just shared an app! It was funny.', 'author': 'Charlie'}
2025-09-20 04:52:30 | INFO | {'message': 'I just loved a story! It was boring.', 'author': 'Charlie'}
2025-09-20 04:52:33 | INFO | {'message': 'I just loved a movie! It was boring.', 'author': 'Charlie'}
2025-09-20 04:52:36 | INFO | {'message': 'I just loved a movie! It was weird.', 'author': 'Alice'}
2025-09-20 04:52:39 | INFO | {'message': 'I just shared a meme! It was exciting.', 'author': 'Alice'}
2025-09-20 04:52:42 | INFO | {'message': 'I just found a meme! It was weird.', 'author': 'Charlie'}
2025-09-20 04:52:45 | INFO | {'message': 'I just saw a story! It was funny.', 'author': 'Bob'}
2025-09-20 04:52:48 | INFO | {'message': 'I just shared a trick! It was weird.', 'author': 'Charlie'}
2025-09-20 04:52:51 | INFO | {'message': 'I just found a story! It was funny.', 'author': 'Eve'}
2025-09-20 04:52:54 | INFO | {'message': 'I just shared a movie! It was boring.', 'author': 'Charlie'}
2025-09-20 04:52:57 | INFO | {'message': 'I just shared a story! It was weird.', 'author': 'Eve'}
2025-09-20 04:53:00 | INFO | {'message': 'I just loved a trick! It was funny.', 'author': 'Alice'}
2025-09-20 04:53:03 | INFO | {'message': 'I just shared a story! It was weird.', 'author': 'Charlie'}
2025-09-20 04:53:06 | INFO | {'message': 'I just found a movie! It was funny.', 'author': 'Bob'}
2025-09-20 04:53:09 | INFO | {'message': 'I just shared a movie! It was weird.', 'author': 'Eve'}
2025-09-20 04:53:12 | INFO | {'message': 'I just shared an app! It was funny.', 'author': 'Charlie'}
2025-09-20 04:53:15 | INFO | {'message': 'I just loved a movie! It was funny.', 'author': 'Alice'}
2025-09-20 04:53:18 | INFO | {'message': 'I just saw a trick! It was funny.', 'author': 'Alice'}
2025-09-20 04:53:21 | INFO | {'message': 'I just saw a story! It was funny.', 'author': 'Alice'}
2025-09-20 04:53:24 | INFO | {'message': 'I just loved a movie! It was funny.', 'author': 'Bob'}
2025-09-20 04:53:27 | INFO | {'message': 'I just tried a meme! It was weird.', 'author': 'Charlie'}
2025-09-20 04:53:31 | INFO | {'message': 'I just loved a trick! It was weird.', 'author': 'Alice'}
2025-09-20 04:53:34 | INFO | {'message': 'I just found a meme! It was amazing.', 'author': 'Eve'}
2025-09-20 04:53:37 | INFO | {'message': 'I just found a story! It was funny.', 'author': 'Alice'}
2025-09-20 04:53:40 | INFO | {'message': 'I just tried a trick! It was amazing.', 'author': 'Eve'}
2025-09-20 04:53:40 | WARNING | Producer interrupted by user.
2025-09-20 04:53:40 | INFO | Producer shutting down.
