2025-09-22 15:39:39 | INFO | {'message': 'I just loved JavaScript! It was exciting.', 'author': 'Eve', 'timestamp': '2025-09-22 15:39:39', 'category': 'tech', 'sentiment': 0.72, 'keyword_mentioned': 'JavaScript', 'message_length': 41}
2025-09-22 15:39:44 | INFO | {'message': 'I just tried a story! It was funny.', 'author': 'Bob', 'timestamp': '2025-09-22 15:39:44', 'category': 'other', 'sentiment': 0.22, 'keyword_mentioned': 'other', 'message_length': 35}
2025-09-22 15:39:49 | INFO | {'message': 'I just saw a trick! It was amazing.', 'author': 'Bob', 'timestamp': '2025-09-22 15:39:49', 'category': 'other', 'sentiment': 0.81, 'keyword_mentioned': 'other', 'message_length': 35}
2025-09-22 15:39:54 | INFO | {'message': 'I just shared recipe! It was funny.', 'author': 'Eve', 'timestamp': '2025-09-22 15:39:54', 'category': 'food', 'sentiment': 0.87, 'keyword_mentioned': 'recipe', 'message_length': 35}
2025-09-22 15:39:59 | INFO | {'message': 'I just tried game! It was amazing.', 'author': 'Bob', 'timestamp': '2025-09-22 15:39:59', 'category': 'gaming', 'sentiment': 0.25, 'keyword_mentioned': 'game', 'message_length': 34}
2025-09-22 15:40:04 | INFO | {'message': 'I just saw travel! It was exciting.', 'author': 'Eve', 'timestamp': '2025-09-22 15:40:04', 'category': 'travel', 'sentiment': 0.49, 'keyword_mentioned': 'travel', 'message_length': 35}
2025-09-22 15:40:09 | INFO | {'message': 'I just tried a movie! It was weird.', 'author': 'Alice', 'timestamp': '2025-09-22 15:40:09', 'category': 'entertainment', 'sentiment': 0.41, 'keyword_mentioned': 'movie', 'message_length': 35}
2025-09-22 15:40:14 | INFO | {'message': 'I just saw travel! It was amazing.', 'author': 'Alice', 'timestamp': '2025-09-22 15:40:14', 'category': 'travel', 'sentiment': 0.99, 'keyword_mentioned': 'travel', 'message_length': 34}
2025-09-22 15:40:19 | INFO | {'message': 'I just saw a movie! It was weird.', 'author': 'Alice', 'timestamp': '2025-09-22 15:40:19', 'category': 'entertainment', 'sentiment': 0.72, 'keyword_mentioned': 'movie', 'message_length': 33}
2025-09-22 15:40:24 | INFO | {'message': 'I just saw game! It was amazing.', 'author': 'Charlie', 'timestamp': '2025-09-22 15:40:24', 'category': 'gaming', 'sentiment': 0.53, 'keyword_mentioned': 'game', 'message_length': 32}
2025-09-22 15:40:29 | INFO | {'message': 'I just loved a meme! It was amazing.', 'author': 'Bob', 'timestamp': '2025-09-22 15:40:29', 'category': 'humor', 'sentiment': 0.29, 'keyword_mentioned': 'meme', 'message_length': 36}
2025-09-22 15:40:34 | INFO | {'message': 'I just loved travel! It was weird.', 'author': 'Eve', 'timestamp': '2025-09-22 15:40:34', 'category': 'travel', 'sentiment': 0.78, 'keyword_mentioned': 'travel', 'message_length': 34}
2025-09-22 15:40:39 | INFO | {'message': 'I just saw recipe! It was weird.', 'author': 'Eve', 'timestamp': '2025-09-22 15:40:39', 'category': 'food', 'sentiment': 0.2, 'keyword_mentioned': 'recipe', 'message_length': 32}
2025-09-22 15:40:44 | INFO | {'message': 'I just shared a trick! It was amazing.', 'author': 'Bob', 'timestamp': '2025-09-22 15:40:44', 'category': 'other', 'sentiment': 0.1, 'keyword_mentioned': 'other', 'message_length': 38}
2025-09-22 15:40:49 | INFO | {'message': 'I just saw a movie! It was funny.', 'author': 'Eve', 'timestamp': '2025-09-22 15:40:49', 'category': 'entertainment', 'sentiment': 0.23, 'keyword_mentioned': 'movie', 'message_length': 33}
2025-09-22 15:40:54 | INFO | {'message': 'I just found travel! It was boring.', 'author': 'Charlie', 'timestamp': '2025-09-22 15:40:54', 'category': 'travel', 'sentiment': 0.68, 'keyword_mentioned': 'travel', 'message_length': 35}
2025-09-22 15:40:59 | INFO | {'message': 'I just loved a story! It was boring.', 'author': 'Alice', 'timestamp': '2025-09-22 15:40:59', 'category': 'other', 'sentiment': 0.32, 'keyword_mentioned': 'other', 'message_length': 36}
2025-09-22 15:41:04 | INFO | {'message': 'I just found travel! It was boring.', 'author': 'Charlie', 'timestamp': '2025-09-22 15:41:04', 'category': 'travel', 'sentiment': 0.11, 'keyword_mentioned': 'travel', 'message_length': 35}
2025-09-22 15:41:09 | INFO | {'message': 'I just shared a movie! It was boring.', 'author': 'Alice', 'timestamp': '2025-09-22 15:41:09', 'category': 'entertainment', 'sentiment': 0.63, 'keyword_mentioned': 'movie', 'message_length': 37}
2025-09-22 15:41:14 | INFO | {'message': 'I just found a story! It was exciting.', 'author': 'Eve', 'timestamp': '2025-09-22 15:41:14', 'category': 'other', 'sentiment': 0.35, 'keyword_mentioned': 'other', 'message_length': 38}
2025-09-22 15:41:19 | INFO | {'message': 'I just found recipe! It was amazing.', 'author': 'Bob', 'timestamp': '2025-09-22 15:41:19', 'category': 'food', 'sentiment': 0.44, 'keyword_mentioned': 'recipe', 'message_length': 36}
2025-09-22 15:41:24 | INFO | {'message': 'I just shared JavaScript! It was funny.', 'author': 'Alice', 'timestamp': '2025-09-22 15:41:24', 'category': 'tech', 'sentiment': 0.08, 'keyword_mentioned': 'JavaScript', 'message_length': 39}
2025-09-22 15:41:29 | INFO | {'message': 'I just loved game! It was boring.', 'author': 'Alice', 'timestamp': '2025-09-22 15:41:29', 'category': 'gaming', 'sentiment': 0.83, 'keyword_mentioned': 'game', 'message_length': 33}
2025-09-22 15:41:34 | INFO | {'message': 'I just loved a trick! It was funny.', 'author': 'Alice', 'timestamp': '2025-09-22 15:41:34', 'category': 'other', 'sentiment': 0.21, 'keyword_mentioned': 'other', 'message_length': 35}
2025-09-22 15:41:39 | INFO | {'message': 'I just loved JavaScript! It was weird.', 'author': 'Alice', 'timestamp': '2025-09-22 15:41:39', 'category': 'tech', 'sentiment': 0.46, 'keyword_mentioned': 'JavaScript', 'message_length': 38}
2025-09-22 15:41:44 | INFO | {'message': 'I just saw a movie! It was exciting.', 'author': 'Charlie', 'timestamp': '2025-09-22 15:41:44', 'category': 'entertainment', 'sentiment': 0.28, 'keyword_mentioned': 'movie', 'message_length': 36}
2025-09-22 15:41:49 | INFO | {'message': 'I just loved a movie! It was amazing.', 'author': 'Charlie', 'timestamp': '2025-09-22 15:41:49', 'category': 'entertainment', 'sentiment': 0.66, 'keyword_mentioned': 'movie', 'message_length': 37}
2025-09-22 15:41:54 | INFO | {'message': 'I just saw an app! It was funny.', 'author': 'Alice', 'timestamp': '2025-09-22 15:41:54', 'category': 'other', 'sentiment': 0.43, 'keyword_mentioned': 'other', 'message_length': 32}
2025-09-22 15:41:59 | INFO | {'message': 'I just saw a movie! It was exciting.', 'author': 'Bob', 'timestamp': '2025-09-22 15:41:59', 'category': 'entertainment', 'sentiment': 0.99, 'keyword_mentioned': 'movie', 'message_length': 36}
2025-09-22 15:42:04 | INFO | {'message': 'I just shared JavaScript! It was funny.', 'author': 'Eve', 'timestamp': '2025-09-22 15:42:04', 'category': 'tech', 'sentiment': 0.76, 'keyword_mentioned': 'JavaScript', 'message_length': 39}
2025-09-22 15:42:09 | INFO | {'message': 'I just tried a meme! It was exciting.', 'author': 'Alice', 'timestamp': '2025-09-22 15:42:09', 'category': 'humor', 'sentiment': 0.7, 'keyword_mentioned': 'meme', 'message_length': 37}
2025-09-22 15:42:14 | INFO | {'message': 'I just shared a story! It was exciting.', 'author': 'Eve', 'timestamp': '2025-09-22 15:42:14', 'category': 'other', 'sentiment': 0.99, 'keyword_mentioned': 'other', 'message_length': 39}
2025-09-22 15:42:19 | INFO | {'message': 'I just found a story! It was boring.', 'author': 'Alice', 'timestamp': '2025-09-22 15:42:19', 'category': 'other', 'sentiment': 0.52, 'keyword_mentioned': 'other', 'message_length': 36}
2025-09-22 15:42:24 | INFO | {'message': 'I just loved recipe! It was exciting.', 'author': 'Bob', 'timestamp': '2025-09-22 15:42:24', 'category': 'food', 'sentiment': 0.17, 'keyword_mentioned': 'recipe', 'message_length': 37}
2025-09-22 15:42:29 | INFO | {'message': 'I just saw game! It was funny.', 'author': 'Bob', 'timestamp': '2025-09-22 15:42:29', 'category': 'gaming', 'sentiment': 0.31, 'keyword_mentioned': 'game', 'message_length': 30}
2025-09-22 15:42:34 | INFO | {'message': 'I just saw JavaScript! It was weird.', 'author': 'Eve', 'timestamp': '2025-09-22 15:42:34', 'category': 'tech', 'sentiment': 0.38, 'keyword_mentioned': 'JavaScript', 'message_length': 36}
2025-09-22 15:42:39 | INFO | {'message': 'I just found a trick! It was amazing.', 'author': 'Eve', 'timestamp': '2025-09-22 15:42:39', 'category': 'other', 'sentiment': 0.33, 'keyword_mentioned': 'other', 'message_length': 37}
2025-09-22 15:42:44 | INFO | {'message': 'I just shared travel! It was funny.', 'author': 'Eve', 'timestamp': '2025-09-22 15:42:44', 'category': 'travel', 'sentiment': 0.58, 'keyword_mentioned': 'travel', 'message_length': 35}
2025-09-22 15:42:49 | INFO | {'message': 'I just found game! It was weird.', 'author': 'Alice', 'timestamp': '2025-09-22 15:42:49', 'category': 'gaming', 'sentiment': 0.61, 'keyword_mentioned': 'game', 'message_length': 32}
2025-09-22 15:42:54 | INFO | {'message': 'I just loved a story! It was funny.', 'author': 'Bob', 'timestamp': '2025-09-22 15:42:54', 'category': 'other', 'sentiment': 0.81, 'keyword_mentioned': 'other', 'message_length': 35}
2025-09-22 15:42:59 | INFO | {'message': 'I just found a trick! It was weird.', 'author': 'Eve', 'timestamp': '2025-09-22 15:42:59', 'category': 'other', 'sentiment': 0.71, 'keyword_mentioned': 'other', 'message_length': 35}
2025-09-22 15:43:05 | INFO | {'message': 'I just shared travel! It was weird.', 'author': 'Alice', 'timestamp': '2025-09-22 15:43:05', 'category': 'travel', 'sentiment': 0.01, 'keyword_mentioned': 'travel', 'message_length': 35}
2025-09-22 15:43:10 | INFO | {'message': 'I just shared a trick! It was amazing.', 'author': 'Eve', 'timestamp': '2025-09-22 15:43:10', 'category': 'other', 'sentiment': 0.61, 'keyword_mentioned': 'other', 'message_length': 38}
2025-09-22 15:43:15 | INFO | {'message': 'I just loved a story! It was funny.', 'author': 'Bob', 'timestamp': '2025-09-22 15:43:15', 'category': 'other', 'sentiment': 0.95, 'keyword_mentioned': 'other', 'message_length': 35}
2025-09-22 15:43:20 | INFO | {'message': 'I just tried a meme! It was boring.', 'author': 'Bob', 'timestamp': '2025-09-22 15:43:20', 'category': 'humor', 'sentiment': 0.17, 'keyword_mentioned': 'meme', 'message_length': 35}
2025-09-22 15:43:25 | INFO | {'message': 'I just shared JavaScript! It was funny.', 'author': 'Bob', 'timestamp': '2025-09-22 15:43:25', 'category': 'tech', 'sentiment': 0.88, 'keyword_mentioned': 'JavaScript', 'message_length': 39}
2025-09-22 15:43:30 | INFO | {'message': 'I just loved recipe! It was boring.', 'author': 'Alice', 'timestamp': '2025-09-22 15:43:30', 'category': 'food', 'sentiment': 0.79, 'keyword_mentioned': 'recipe', 'message_length': 35}
2025-09-22 15:43:35 | INFO | {'message': 'I just found a movie! It was weird.', 'author': 'Eve', 'timestamp': '2025-09-22 15:43:35', 'category': 'entertainment', 'sentiment': 0.09, 'keyword_mentioned': 'movie', 'message_length': 35}
2025-09-22 15:43:40 | INFO | {'message': 'I just tried a trick! It was exciting.', 'author': 'Charlie', 'timestamp': '2025-09-22 15:43:40', 'category': 'other', 'sentiment': 0.34, 'keyword_mentioned': 'other', 'message_length': 38}
2025-09-22 15:43:45 | INFO | {'message': 'I just saw JavaScript! It was boring.', 'author': 'Alice', 'timestamp': '2025-09-22 15:43:45', 'category': 'tech', 'sentiment': 0.52, 'keyword_mentioned': 'JavaScript', 'message_length': 37}
2025-09-22 15:43:50 | INFO | {'message': 'I just found a meme! It was amazing.', 'author': 'Charlie', 'timestamp': '2025-09-22 15:43:50', 'category': 'humor', 'sentiment': 0.39, 'keyword_mentioned': 'meme', 'message_length': 36}
2025-09-22 15:43:55 | INFO | {'message': 'I just tried recipe! It was exciting.', 'author': 'Bob', 'timestamp': '2025-09-22 15:43:55', 'category': 'food', 'sentiment': 0.6, 'keyword_mentioned': 'recipe', 'message_length': 37}
2025-09-22 15:44:00 | INFO | {'message': 'I just found a story! It was amazing.', 'author': 'Alice', 'timestamp': '2025-09-22 15:44:00', 'category': 'other', 'sentiment': 0.73, 'keyword_mentioned': 'other', 'message_length': 37}
2025-09-22 15:44:05 | INFO | {'message': 'I just shared travel! It was exciting.', 'author': 'Bob', 'timestamp': '2025-09-22 15:44:05', 'category': 'travel', 'sentiment': 0.14, 'keyword_mentioned': 'travel', 'message_length': 38}
2025-09-22 15:44:10 | INFO | {'message': 'I just shared game! It was boring.', 'author': 'Eve', 'timestamp': '2025-09-22 15:44:10', 'category': 'gaming', 'sentiment': 0.89, 'keyword_mentioned': 'game', 'message_length': 34}
2025-09-22 15:44:15 | INFO | {'message': 'I just saw a story! It was boring.', 'author': 'Alice', 'timestamp': '2025-09-22 15:44:15', 'category': 'other', 'sentiment': 0.75, 'keyword_mentioned': 'other', 'message_length': 34}
2025-09-22 15:44:20 | INFO | {'message': 'I just saw an app! It was exciting.', 'author': 'Bob', 'timestamp': '2025-09-22 15:44:20', 'category': 'other', 'sentiment': 0.72, 'keyword_mentioned': 'other', 'message_length': 35}
